Copyright 1986-2022 Xilinx, Inc. All Rights Reserved. Copyright 2022-2024 Advanced Micro Devices, Inc. All Rights Reserved.
---------------------------------------------------------------------------------------------------------------------------------------------
| Tool Version : Vivado v.2024.2 (win64) Build 5239630 Fri Nov 08 22:35:27 MST 2024
| Date         : Wed Jun 24 00:59:33 2026
| Host         : LAPTOP-55KNS8Q0 running 64-bit major release  (build 9200)
| Command      : report_utilization -file CE_128TR_wrapper_utilization_synth.rpt -pb CE_128TR_wrapper_utilization_synth.pb
| Design       : CE_128TR_wrapper
| Device       : xczu19eg-ffvc1760-2-i
| Speed File   : -2
| Design State : Synthesized
---------------------------------------------------------------------------------------------------------------------------------------------

Utilization Design Information

Table of Contents
-----------------
1. CLB Logic
1.1 Summary of Registers by Type
2. BLOCKRAM
3. ARITHMETIC
4. I/O
5. CLOCK
6. ADVANCED
7. CONFIGURATION
8. Primitives
9. Black Boxes
10. Instantiated Netlists

1. CLB Logic
------------

+-------------------------+------+-------+------------+-----------+-------+
|        Site Type        | Used | Fixed | Prohibited | Available | Util% |
+-------------------------+------+-------+------------+-----------+-------+
| CLB LUTs*               |    0 |     0 |          0 |    522720 |  0.00 |
|   LUT as Logic          |    0 |     0 |          0 |    522720 |  0.00 |
|   LUT as Memory         |    0 |     0 |          0 |    161280 |  0.00 |
| CLB Registers           |    0 |     0 |          0 |   1045440 |  0.00 |
|   Register as Flip Flop |    0 |     0 |          0 |   1045440 |  0.00 |
|   Register as Latch     |    0 |     0 |          0 |   1045440 |  0.00 |
| CARRY8                  |    0 |     0 |          0 |     65340 |  0.00 |
| F7 Muxes                |    0 |     0 |          0 |    261360 |  0.00 |
| F8 Muxes                |    0 |     0 |          0 |    130680 |  0.00 |
| F9 Muxes                |    0 |     0 |          0 |     65340 |  0.00 |
+-------------------------+------+-------+------------+-----------+-------+
* Warning! The Final LUT count, after physical optimizations and full implementation, is typically lower. Run opt_design after synthesis, if not already completed, for a more realistic count.
Warning! LUT value is adjusted to account for LUT combining.
Warning! For any ECO changes, please run place_design if there are unplaced instances


1.1 Summary of Registers by Type
--------------------------------

+-------+--------------+-------------+--------------+
| Total | Clock Enable | Synchronous | Asynchronous |
+-------+--------------+-------------+--------------+
| 0     |            _ |           - |            - |
| 0     |            _ |           - |          Set |
| 0     |            _ |           - |        Reset |
| 0     |            _ |         Set |            - |
| 0     |            _ |       Reset |            - |
| 0     |          Yes |           - |            - |
| 0     |          Yes |           - |          Set |
| 0     |          Yes |           - |        Reset |
| 0     |          Yes |         Set |            - |
| 0     |          Yes |       Reset |            - |
+-------+--------------+-------------+--------------+


2. BLOCKRAM
-----------

+----------------+------+-------+------------+-----------+-------+
|    Site Type   | Used | Fixed | Prohibited | Available | Util% |
+----------------+------+-------+------------+-----------+-------+
| Block RAM Tile |    0 |     0 |          0 |       984 |  0.00 |
|   RAMB36/FIFO* |    0 |     0 |          0 |       984 |  0.00 |
|   RAMB18       |    0 |     0 |          0 |      1968 |  0.00 |
| URAM           |    0 |     0 |          0 |       128 |  0.00 |
+----------------+------+-------+------------+-----------+-------+
* Note: Each Block RAM Tile only has one FIFO logic available and therefore can accommodate only one FIFO36E2 or one FIFO18E2. However, if a FIFO18E2 occupies a Block RAM Tile, that tile can still accommodate a RAMB18E2


3. ARITHMETIC
-------------

+-----------+------+-------+------------+-----------+-------+
| Site Type | Used | Fixed | Prohibited | Available | Util% |
+-----------+------+-------+------------+-----------+-------+
| DSPs      |    0 |     0 |          0 |      1968 |  0.00 |
+-----------+------+-------+------------+-----------+-------+


4. I/O
------

+------------+-------+-------+------------+-----------+---------+
|  Site Type |  Used | Fixed | Prohibited | Available |  Util%  |
+------------+-------+-------+------------+-----------+---------+
| Bonded IOB | 31974 |     0 |          0 |       512 | 6244.92 |
+------------+-------+-------+------------+-----------+---------+


5. CLOCK
--------

+------------+------+-------+------------+-----------+-------+
|  Site Type | Used | Fixed | Prohibited | Available | Util% |
+------------+------+-------+------------+-----------+-------+
| BUFGCE     |    0 |     0 |          0 |       280 |  0.00 |
| BUFGCE_DIV |    0 |     0 |          0 |        44 |  0.00 |
| BUFG_GT    |    0 |     0 |          0 |       456 |  0.00 |
| BUFG_PS    |    0 |     0 |          0 |        72 |  0.00 |
| BUFGCTRL*  |    0 |     0 |          0 |        88 |  0.00 |
| PLL        |    0 |     0 |          0 |        22 |  0.00 |
| MMCM       |    0 |     0 |          0 |        11 |  0.00 |
+------------+------+-------+------------+-----------+-------+
* Note: Each used BUFGCTRL counts as two GLOBAL CLOCK BUFFERs. This table does not include global clocking resources, only buffer cell usage. See the Clock Utilization Report (report_clock_utilization) for detailed accounting of global clocking resource availability.


6. ADVANCED
-----------

+-----------------+------+-------+------------+-----------+-------+
|    Site Type    | Used | Fixed | Prohibited | Available | Util% |
+-----------------+------+-------+------------+-----------+-------+
| CMACE4          |    0 |     0 |          0 |         4 |  0.00 |
| GTHE4_CHANNEL   |    0 |     0 |          0 |        32 |  0.00 |
| GTHE4_COMMON    |    0 |     0 |          0 |         8 |  0.00 |
| GTYE4_CHANNEL   |    0 |     0 |          0 |        16 |  0.00 |
| GTYE4_COMMON    |    0 |     0 |          0 |         4 |  0.00 |
| ILKNE4          |    0 |     0 |          0 |         4 |  0.00 |
| OBUFDS_GTE4     |    0 |     0 |          0 |        24 |  0.00 |
| OBUFDS_GTE4_ADV |    0 |     0 |          0 |        24 |  0.00 |
| PCIE40E4        |    0 |     0 |          0 |         5 |  0.00 |
| PS8             |    0 |     0 |          0 |         1 |  0.00 |
| SYSMONE4        |    0 |     0 |          0 |         1 |  0.00 |
+-----------------+------+-------+------------+-----------+-------+


7. CONFIGURATION
----------------

+-------------+------+-------+------------+-----------+-------+
|  Site Type  | Used | Fixed | Prohibited | Available | Util% |
+-------------+------+-------+------------+-----------+-------+
| BSCANE2     |    0 |     0 |          0 |         4 |  0.00 |
| DNA_PORTE2  |    0 |     0 |          0 |         1 |  0.00 |
| EFUSE_USR   |    0 |     0 |          0 |         1 |  0.00 |
| FRAME_ECCE4 |    0 |     0 |          0 |         1 |  0.00 |
| ICAPE3      |    0 |     0 |          0 |         2 |  0.00 |
| MASTER_JTAG |    0 |     0 |          0 |         1 |  0.00 |
| STARTUPE3   |    0 |     0 |          0 |         1 |  0.00 |
+-------------+------+-------+------------+-----------+-------+


8. Primitives
-------------

+----------+-------+---------------------+
| Ref Name |  Used | Functional Category |
+----------+-------+---------------------+
| OBUF     | 24783 |                 I/O |
| INBUF    |  7191 |                 I/O |
| IBUFCTRL |  7191 |              Others |
+----------+-------+---------------------+


9. Black Boxes
--------------

+---------------------------+------+
|          Ref Name         | Used |
+---------------------------+------+
| CE_128TR_svd_pack_0       |    1 |
| CE_128TR_svd_fc_0         |    1 |
| CE_128TR_svd_0_0          |    1 |
| CE_128TR_csi_0_0          |    1 |
| CE_128TR_NoiseAverage_7_0 |    1 |
| CE_128TR_NoiseAverage_6_0 |    1 |
| CE_128TR_NoiseAverage_5_0 |    1 |
| CE_128TR_NoiseAverage_4_0 |    1 |
| CE_128TR_NoiseAverage_3_0 |    1 |
| CE_128TR_NoiseAverage_2_0 |    1 |
| CE_128TR_NoiseAverage_1_0 |    1 |
| CE_128TR_NoiseAverage_0_0 |    1 |
| CE_128TR_MuxPDU_0_3       |    1 |
| CE_128TR_LowPAPR1_0_0     |    1 |
| CE_128TR_EstNoise_7_0     |    1 |
| CE_128TR_EstNoise_6_0     |    1 |
| CE_128TR_EstNoise_5_0     |    1 |
| CE_128TR_EstNoise_4_0     |    1 |
| CE_128TR_EstNoise_3_0     |    1 |
| CE_128TR_EstNoise_2_0     |    1 |
| CE_128TR_EstNoise_1_0     |    1 |
| CE_128TR_EstNoise_0_0     |    1 |
| CE_128TR_Demap_7_0        |    1 |
| CE_128TR_Demap_6_0        |    1 |
| CE_128TR_Demap_5_0        |    1 |
| CE_128TR_Demap_4_0        |    1 |
| CE_128TR_Demap_3_0        |    1 |
| CE_128TR_Demap_2_0        |    1 |
| CE_128TR_Demap_1_0        |    1 |
| CE_128TR_Demap_0_0        |    1 |
| CE_128TR_Correlation_7_0  |    1 |
| CE_128TR_Correlation_6_0  |    1 |
| CE_128TR_Correlation_5_0  |    1 |
| CE_128TR_Correlation_4_0  |    1 |
| CE_128TR_Correlation_3_0  |    1 |
| CE_128TR_Correlation_2_0  |    1 |
| CE_128TR_Correlation_1_0  |    1 |
| CE_128TR_Correlation_0_0  |    1 |
| CE_128TR_ChannelNorm_7_0  |    1 |
| CE_128TR_ChannelNorm_6_0  |    1 |
| CE_128TR_ChannelNorm_5_0  |    1 |
| CE_128TR_ChannelNorm_4_0  |    1 |
| CE_128TR_ChannelNorm_3_0  |    1 |
| CE_128TR_ChannelNorm_2_0  |    1 |
| CE_128TR_ChannelNorm_1_0  |    1 |
| CE_128TR_ChannelNorm_0_0  |    1 |
| CE_128TR_Average_7_0      |    1 |
| CE_128TR_Average_6_0      |    1 |
| CE_128TR_Average_5_0      |    1 |
| CE_128TR_Average_4_0      |    1 |
| CE_128TR_Average_3_0      |    1 |
| CE_128TR_Average_2_0      |    1 |
| CE_128TR_Average_1_0      |    1 |
| CE_128TR_Average_0_0      |    1 |
+---------------------------+------+


10. Instantiated Netlists
-------------------------

+----------+------+
| Ref Name | Used |
+----------+------+


