
*** Running vivado
    with args -log CE_128TR_EstNoise_7_0.vds -m64 -product Vivado -mode batch -messageDb vivado.pb -notrace -source CE_128TR_EstNoise_7_0.tcl



****** Vivado v2024.2 (64-bit)
  **** SW Build 5239630 on Fri Nov 08 22:35:27 MST 2024
  **** IP Build 5239520 on Sun Nov 10 16:12:51 MST 2024
  **** SharedData Build 5239561 on Fri Nov 08 14:39:27 MST 2024
  **** Start of session at: Tue Jun 23 23:36:26 2026
    ** Copyright 1986-2022 Xilinx, Inc. All Rights Reserved.
    ** Copyright 2022-2024 Advanced Micro Devices, Inc. All Rights Reserved.

source CE_128TR_EstNoise_7_0.tcl -notrace
create_project: Time (s): cpu = 00:00:06 ; elapsed = 00:00:06 . Memory (MB): peak = 381.340 ; gain = 86.188
INFO: [IP_Flow 19-234] Refreshing IP repositories
INFO: [IP_Flow 19-1704] No user IP repositories specified
INFO: [IP_Flow 19-2313] Loaded Vivado IP repository 'E:/Xilinx/Vivado/2024.2/data/ip'.
Command: synth_design -top CE_128TR_EstNoise_7_0 -part xczu19eg-ffvc1760-2-i -incremental_mode off -mode out_of_context
Starting synth_design
Attempting to get a license for feature 'Synthesis' and/or device 'xczu19eg'
INFO: [Common 17-349] Got license for feature 'Synthesis' and/or device 'xczu19eg'
INFO: [Device 21-403] Loading part xczu19eg-ffvc1760-2-i
INFO: [Synth 8-7079] Multithreading enabled for synth_design using a maximum of 2 processes.
INFO: [Synth 8-7078] Launching helper process for spawning children vivado processes
INFO: [Synth 8-7075] Helper process launched with PID 7644
---------------------------------------------------------------------------------
Starting RTL Elaboration : Time (s): cpu = 00:00:09 ; elapsed = 00:00:10 . Memory (MB): peak = 1871.625 ; gain = 200.359
---------------------------------------------------------------------------------
INFO: [Synth 8-6157] synthesizing module 'CE_128TR_EstNoise_7_0' [e:/CE_128TR/CE_128TR.gen/sources_1/bd/CE_128TR/ip/CE_128TR_EstNoise_7_0/synth/CE_128TR_EstNoise_7_0.v:53]
INFO: [Synth 8-6157] synthesizing module 'EstNoise' [E:/CE_128TR/CE_128TR.srcs/sources_1/imports/new/EstNoise.v:19]
	Parameter PARA bound to: 16 - type: integer 
	Parameter PORT bound to: 2 - type: integer 
INFO: [Synth 8-6157] synthesizing module 'cmpy_0' [E:/CE_128TR/CE_128TR.runs/CE_128TR_EstNoise_7_0_synth_1/.Xil/Vivado-15988-LAPTOP-55KNS8Q0/realtime/cmpy_0_stub.v:6]
INFO: [Synth 8-6155] done synthesizing module 'cmpy_0' (0#1) [E:/CE_128TR/CE_128TR.runs/CE_128TR_EstNoise_7_0_synth_1/.Xil/Vivado-15988-LAPTOP-55KNS8Q0/realtime/cmpy_0_stub.v:6]
INFO: [Synth 8-6157] synthesizing module 'fifo_delay_tdata' [E:/CE_128TR/CE_128TR.runs/CE_128TR_EstNoise_7_0_synth_1/.Xil/Vivado-15988-LAPTOP-55KNS8Q0/realtime/fifo_delay_tdata_stub.v:6]
INFO: [Synth 8-6155] done synthesizing module 'fifo_delay_tdata' (0#1) [E:/CE_128TR/CE_128TR.runs/CE_128TR_EstNoise_7_0_synth_1/.Xil/Vivado-15988-LAPTOP-55KNS8Q0/realtime/fifo_delay_tdata_stub.v:6]
WARNING: [Synth 8-689] width (64) of port connection 's_axis_tdata' does not match port width (128) of module 'fifo_delay_tdata' [E:/CE_128TR/CE_128TR.srcs/sources_1/imports/new/EstNoise.v:112]
WARNING: [Synth 8-689] width (64) of port connection 'm_axis_tdata' does not match port width (128) of module 'fifo_delay_tdata' [E:/CE_128TR/CE_128TR.srcs/sources_1/imports/new/EstNoise.v:115]
WARNING: [Synth 8-689] width (512) of port connection 's_axis_tdata' does not match port width (128) of module 'fifo_delay_tdata' [E:/CE_128TR/CE_128TR.srcs/sources_1/imports/new/EstNoise.v:193]
WARNING: [Synth 8-689] width (512) of port connection 'm_axis_tdata' does not match port width (128) of module 'fifo_delay_tdata' [E:/CE_128TR/CE_128TR.srcs/sources_1/imports/new/EstNoise.v:196]
INFO: [Synth 8-6155] done synthesizing module 'EstNoise' (0#1) [E:/CE_128TR/CE_128TR.srcs/sources_1/imports/new/EstNoise.v:19]
INFO: [Synth 8-6155] done synthesizing module 'CE_128TR_EstNoise_7_0' (0#1) [e:/CE_128TR/CE_128TR.gen/sources_1/bd/CE_128TR/ip/CE_128TR_EstNoise_7_0/synth/CE_128TR_EstNoise_7_0.v:53]
WARNING: [Synth 8-7129] Port seq_valid[1] in module EstNoise is either unconnected or has no load
WARNING: [Synth 8-7129] Port demap_valid in module EstNoise is either unconnected or has no load
WARNING: [Synth 8-7129] Port demap_data[511] in module EstNoise is either unconnected or has no load
WARNING: [Synth 8-7129] Port demap_data[510] in module EstNoise is either unconnected or has no load
WARNING: [Synth 8-7129] Port demap_data[509] in module EstNoise is either unconnected or has no load
WARNING: [Synth 8-7129] Port demap_data[508] in module EstNoise is either unconnected or has no load
WARNING: [Synth 8-7129] Port demap_data[507] in module EstNoise is either unconnected or has no load
WARNING: [Synth 8-7129] Port demap_data[506] in module EstNoise is either unconnected or has no load
WARNING: [Synth 8-7129] Port demap_data[505] in module EstNoise is either unconnected or has no load
WARNING: [Synth 8-7129] Port demap_data[504] in module EstNoise is either unconnected or has no load
WARNING: [Synth 8-7129] Port demap_data[503] in module EstNoise is either unconnected or has no load
WARNING: [Synth 8-7129] Port demap_data[502] in module EstNoise is either unconnected or has no load
WARNING: [Synth 8-7129] Port demap_data[501] in module EstNoise is either unconnected or has no load
WARNING: [Synth 8-7129] Port demap_data[500] in module EstNoise is either unconnected or has no load
WARNING: [Synth 8-7129] Port demap_data[499] in module EstNoise is either unconnected or has no load
WARNING: [Synth 8-7129] Port demap_data[498] in module EstNoise is either unconnected or has no load
WARNING: [Synth 8-7129] Port demap_data[497] in module EstNoise is either unconnected or has no load
WARNING: [Synth 8-7129] Port demap_data[496] in module EstNoise is either unconnected or has no load
WARNING: [Synth 8-7129] Port demap_data[495] in module EstNoise is either unconnected or has no load
WARNING: [Synth 8-7129] Port demap_data[494] in module EstNoise is either unconnected or has no load
WARNING: [Synth 8-7129] Port demap_data[493] in module EstNoise is either unconnected or has no load
WARNING: [Synth 8-7129] Port demap_data[492] in module EstNoise is either unconnected or has no load
WARNING: [Synth 8-7129] Port demap_data[491] in module EstNoise is either unconnected or has no load
WARNING: [Synth 8-7129] Port demap_data[490] in module EstNoise is either unconnected or has no load
WARNING: [Synth 8-7129] Port demap_data[489] in module EstNoise is either unconnected or has no load
WARNING: [Synth 8-7129] Port demap_data[488] in module EstNoise is either unconnected or has no load
WARNING: [Synth 8-7129] Port demap_data[487] in module EstNoise is either unconnected or has no load
WARNING: [Synth 8-7129] Port demap_data[486] in module EstNoise is either unconnected or has no load
WARNING: [Synth 8-7129] Port demap_data[485] in module EstNoise is either unconnected or has no load
WARNING: [Synth 8-7129] Port demap_data[484] in module EstNoise is either unconnected or has no load
WARNING: [Synth 8-7129] Port demap_data[483] in module EstNoise is either unconnected or has no load
WARNING: [Synth 8-7129] Port demap_data[482] in module EstNoise is either unconnected or has no load
WARNING: [Synth 8-7129] Port demap_data[481] in module EstNoise is either unconnected or has no load
WARNING: [Synth 8-7129] Port demap_data[480] in module EstNoise is either unconnected or has no load
WARNING: [Synth 8-7129] Port demap_data[479] in module EstNoise is either unconnected or has no load
WARNING: [Synth 8-7129] Port demap_data[478] in module EstNoise is either unconnected or has no load
WARNING: [Synth 8-7129] Port demap_data[477] in module EstNoise is either unconnected or has no load
WARNING: [Synth 8-7129] Port demap_data[476] in module EstNoise is either unconnected or has no load
WARNING: [Synth 8-7129] Port demap_data[475] in module EstNoise is either unconnected or has no load
WARNING: [Synth 8-7129] Port demap_data[474] in module EstNoise is either unconnected or has no load
WARNING: [Synth 8-7129] Port demap_data[473] in module EstNoise is either unconnected or has no load
WARNING: [Synth 8-7129] Port demap_data[472] in module EstNoise is either unconnected or has no load
WARNING: [Synth 8-7129] Port demap_data[471] in module EstNoise is either unconnected or has no load
WARNING: [Synth 8-7129] Port demap_data[470] in module EstNoise is either unconnected or has no load
WARNING: [Synth 8-7129] Port demap_data[469] in module EstNoise is either unconnected or has no load
WARNING: [Synth 8-7129] Port demap_data[468] in module EstNoise is either unconnected or has no load
WARNING: [Synth 8-7129] Port demap_data[467] in module EstNoise is either unconnected or has no load
WARNING: [Synth 8-7129] Port demap_data[466] in module EstNoise is either unconnected or has no load
WARNING: [Synth 8-7129] Port demap_data[465] in module EstNoise is either unconnected or has no load
WARNING: [Synth 8-7129] Port demap_data[464] in module EstNoise is either unconnected or has no load
WARNING: [Synth 8-7129] Port demap_data[463] in module EstNoise is either unconnected or has no load
WARNING: [Synth 8-7129] Port demap_data[462] in module EstNoise is either unconnected or has no load
WARNING: [Synth 8-7129] Port demap_data[461] in module EstNoise is either unconnected or has no load
WARNING: [Synth 8-7129] Port demap_data[460] in module EstNoise is either unconnected or has no load
WARNING: [Synth 8-7129] Port demap_data[459] in module EstNoise is either unconnected or has no load
WARNING: [Synth 8-7129] Port demap_data[458] in module EstNoise is either unconnected or has no load
WARNING: [Synth 8-7129] Port demap_data[457] in module EstNoise is either unconnected or has no load
WARNING: [Synth 8-7129] Port demap_data[456] in module EstNoise is either unconnected or has no load
WARNING: [Synth 8-7129] Port demap_data[455] in module EstNoise is either unconnected or has no load
WARNING: [Synth 8-7129] Port demap_data[454] in module EstNoise is either unconnected or has no load
WARNING: [Synth 8-7129] Port demap_data[453] in module EstNoise is either unconnected or has no load
WARNING: [Synth 8-7129] Port demap_data[452] in module EstNoise is either unconnected or has no load
WARNING: [Synth 8-7129] Port demap_data[451] in module EstNoise is either unconnected or has no load
WARNING: [Synth 8-7129] Port demap_data[450] in module EstNoise is either unconnected or has no load
WARNING: [Synth 8-7129] Port demap_data[449] in module EstNoise is either unconnected or has no load
WARNING: [Synth 8-7129] Port demap_data[448] in module EstNoise is either unconnected or has no load
WARNING: [Synth 8-7129] Port demap_data[447] in module EstNoise is either unconnected or has no load
WARNING: [Synth 8-7129] Port demap_data[446] in module EstNoise is either unconnected or has no load
WARNING: [Synth 8-7129] Port demap_data[445] in module EstNoise is either unconnected or has no load
WARNING: [Synth 8-7129] Port demap_data[444] in module EstNoise is either unconnected or has no load
WARNING: [Synth 8-7129] Port demap_data[443] in module EstNoise is either unconnected or has no load
WARNING: [Synth 8-7129] Port demap_data[442] in module EstNoise is either unconnected or has no load
WARNING: [Synth 8-7129] Port demap_data[441] in module EstNoise is either unconnected or has no load
WARNING: [Synth 8-7129] Port demap_data[440] in module EstNoise is either unconnected or has no load
WARNING: [Synth 8-7129] Port demap_data[439] in module EstNoise is either unconnected or has no load
WARNING: [Synth 8-7129] Port demap_data[438] in module EstNoise is either unconnected or has no load
WARNING: [Synth 8-7129] Port demap_data[437] in module EstNoise is either unconnected or has no load
WARNING: [Synth 8-7129] Port demap_data[436] in module EstNoise is either unconnected or has no load
WARNING: [Synth 8-7129] Port demap_data[435] in module EstNoise is either unconnected or has no load
WARNING: [Synth 8-7129] Port demap_data[434] in module EstNoise is either unconnected or has no load
WARNING: [Synth 8-7129] Port demap_data[433] in module EstNoise is either unconnected or has no load
WARNING: [Synth 8-7129] Port demap_data[432] in module EstNoise is either unconnected or has no load
WARNING: [Synth 8-7129] Port demap_data[431] in module EstNoise is either unconnected or has no load
WARNING: [Synth 8-7129] Port demap_data[430] in module EstNoise is either unconnected or has no load
WARNING: [Synth 8-7129] Port demap_data[429] in module EstNoise is either unconnected or has no load
WARNING: [Synth 8-7129] Port demap_data[428] in module EstNoise is either unconnected or has no load
WARNING: [Synth 8-7129] Port demap_data[427] in module EstNoise is either unconnected or has no load
WARNING: [Synth 8-7129] Port demap_data[426] in module EstNoise is either unconnected or has no load
WARNING: [Synth 8-7129] Port demap_data[425] in module EstNoise is either unconnected or has no load
WARNING: [Synth 8-7129] Port demap_data[424] in module EstNoise is either unconnected or has no load
WARNING: [Synth 8-7129] Port demap_data[423] in module EstNoise is either unconnected or has no load
WARNING: [Synth 8-7129] Port demap_data[422] in module EstNoise is either unconnected or has no load
WARNING: [Synth 8-7129] Port demap_data[421] in module EstNoise is either unconnected or has no load
WARNING: [Synth 8-7129] Port demap_data[420] in module EstNoise is either unconnected or has no load
WARNING: [Synth 8-7129] Port demap_data[419] in module EstNoise is either unconnected or has no load
WARNING: [Synth 8-7129] Port demap_data[418] in module EstNoise is either unconnected or has no load
WARNING: [Synth 8-7129] Port demap_data[417] in module EstNoise is either unconnected or has no load
WARNING: [Synth 8-7129] Port demap_data[416] in module EstNoise is either unconnected or has no load
WARNING: [Synth 8-7129] Port demap_data[415] in module EstNoise is either unconnected or has no load
WARNING: [Synth 8-7129] Port demap_data[414] in module EstNoise is either unconnected or has no load
INFO: [Common 17-14] Message 'Synth 8-7129' appears 100 times and further instances of the messages will be disabled. Use the Tcl command set_msg_config to change the current settings.
---------------------------------------------------------------------------------
Finished RTL Elaboration : Time (s): cpu = 00:00:13 ; elapsed = 00:00:14 . Memory (MB): peak = 1989.184 ; gain = 317.918
---------------------------------------------------------------------------------
---------------------------------------------------------------------------------
Start Handling Custom Attributes
---------------------------------------------------------------------------------
---------------------------------------------------------------------------------
Finished Handling Custom Attributes : Time (s): cpu = 00:00:13 ; elapsed = 00:00:14 . Memory (MB): peak = 1989.184 ; gain = 317.918
---------------------------------------------------------------------------------
---------------------------------------------------------------------------------
Finished RTL Optimization Phase 1 : Time (s): cpu = 00:00:13 ; elapsed = 00:00:14 . Memory (MB): peak = 1989.184 ; gain = 317.918
---------------------------------------------------------------------------------
Netlist sorting complete. Time (s): cpu = 00:00:00 ; elapsed = 00:00:00.047 . Memory (MB): peak = 1989.184 ; gain = 0.000
INFO: [Project 1-570] Preparing netlist for logic optimization

Processing XDC Constraints
Initializing timing engine
Parsing XDC File [e:/CE_128TR/CE_128TR.gen/sources_1/ip/cmpy_0/cmpy_0/cmpy_0_in_context.xdc] for cell 'inst/GEN_RX[0].GEN_PORT[0].cmpy_rp'
Finished Parsing XDC File [e:/CE_128TR/CE_128TR.gen/sources_1/ip/cmpy_0/cmpy_0/cmpy_0_in_context.xdc] for cell 'inst/GEN_RX[0].GEN_PORT[0].cmpy_rp'
Parsing XDC File [e:/CE_128TR/CE_128TR.gen/sources_1/ip/cmpy_0/cmpy_0/cmpy_0_in_context.xdc] for cell 'inst/GEN_RX[0].GEN_PORT[1].cmpy_rp'
Finished Parsing XDC File [e:/CE_128TR/CE_128TR.gen/sources_1/ip/cmpy_0/cmpy_0/cmpy_0_in_context.xdc] for cell 'inst/GEN_RX[0].GEN_PORT[1].cmpy_rp'
Parsing XDC File [e:/CE_128TR/CE_128TR.gen/sources_1/ip/cmpy_0/cmpy_0/cmpy_0_in_context.xdc] for cell 'inst/GEN_RX[1].GEN_PORT[0].cmpy_rp'
Finished Parsing XDC File [e:/CE_128TR/CE_128TR.gen/sources_1/ip/cmpy_0/cmpy_0/cmpy_0_in_context.xdc] for cell 'inst/GEN_RX[1].GEN_PORT[0].cmpy_rp'
Parsing XDC File [e:/CE_128TR/CE_128TR.gen/sources_1/ip/cmpy_0/cmpy_0/cmpy_0_in_context.xdc] for cell 'inst/GEN_RX[1].GEN_PORT[1].cmpy_rp'
Finished Parsing XDC File [e:/CE_128TR/CE_128TR.gen/sources_1/ip/cmpy_0/cmpy_0/cmpy_0_in_context.xdc] for cell 'inst/GEN_RX[1].GEN_PORT[1].cmpy_rp'
Parsing XDC File [e:/CE_128TR/CE_128TR.gen/sources_1/ip/cmpy_0/cmpy_0/cmpy_0_in_context.xdc] for cell 'inst/GEN_RX[2].GEN_PORT[0].cmpy_rp'
Finished Parsing XDC File [e:/CE_128TR/CE_128TR.gen/sources_1/ip/cmpy_0/cmpy_0/cmpy_0_in_context.xdc] for cell 'inst/GEN_RX[2].GEN_PORT[0].cmpy_rp'
Parsing XDC File [e:/CE_128TR/CE_128TR.gen/sources_1/ip/cmpy_0/cmpy_0/cmpy_0_in_context.xdc] for cell 'inst/GEN_RX[2].GEN_PORT[1].cmpy_rp'
Finished Parsing XDC File [e:/CE_128TR/CE_128TR.gen/sources_1/ip/cmpy_0/cmpy_0/cmpy_0_in_context.xdc] for cell 'inst/GEN_RX[2].GEN_PORT[1].cmpy_rp'
Parsing XDC File [e:/CE_128TR/CE_128TR.gen/sources_1/ip/cmpy_0/cmpy_0/cmpy_0_in_context.xdc] for cell 'inst/GEN_RX[3].GEN_PORT[0].cmpy_rp'
Finished Parsing XDC File [e:/CE_128TR/CE_128TR.gen/sources_1/ip/cmpy_0/cmpy_0/cmpy_0_in_context.xdc] for cell 'inst/GEN_RX[3].GEN_PORT[0].cmpy_rp'
Parsing XDC File [e:/CE_128TR/CE_128TR.gen/sources_1/ip/cmpy_0/cmpy_0/cmpy_0_in_context.xdc] for cell 'inst/GEN_RX[3].GEN_PORT[1].cmpy_rp'
Finished Parsing XDC File [e:/CE_128TR/CE_128TR.gen/sources_1/ip/cmpy_0/cmpy_0/cmpy_0_in_context.xdc] for cell 'inst/GEN_RX[3].GEN_PORT[1].cmpy_rp'
Parsing XDC File [e:/CE_128TR/CE_128TR.gen/sources_1/ip/cmpy_0/cmpy_0/cmpy_0_in_context.xdc] for cell 'inst/GEN_RX[4].GEN_PORT[0].cmpy_rp'
Finished Parsing XDC File [e:/CE_128TR/CE_128TR.gen/sources_1/ip/cmpy_0/cmpy_0/cmpy_0_in_context.xdc] for cell 'inst/GEN_RX[4].GEN_PORT[0].cmpy_rp'
Parsing XDC File [e:/CE_128TR/CE_128TR.gen/sources_1/ip/cmpy_0/cmpy_0/cmpy_0_in_context.xdc] for cell 'inst/GEN_RX[4].GEN_PORT[1].cmpy_rp'
Finished Parsing XDC File [e:/CE_128TR/CE_128TR.gen/sources_1/ip/cmpy_0/cmpy_0/cmpy_0_in_context.xdc] for cell 'inst/GEN_RX[4].GEN_PORT[1].cmpy_rp'
Parsing XDC File [e:/CE_128TR/CE_128TR.gen/sources_1/ip/cmpy_0/cmpy_0/cmpy_0_in_context.xdc] for cell 'inst/GEN_RX[5].GEN_PORT[0].cmpy_rp'
Finished Parsing XDC File [e:/CE_128TR/CE_128TR.gen/sources_1/ip/cmpy_0/cmpy_0/cmpy_0_in_context.xdc] for cell 'inst/GEN_RX[5].GEN_PORT[0].cmpy_rp'
Parsing XDC File [e:/CE_128TR/CE_128TR.gen/sources_1/ip/cmpy_0/cmpy_0/cmpy_0_in_context.xdc] for cell 'inst/GEN_RX[5].GEN_PORT[1].cmpy_rp'
Finished Parsing XDC File [e:/CE_128TR/CE_128TR.gen/sources_1/ip/cmpy_0/cmpy_0/cmpy_0_in_context.xdc] for cell 'inst/GEN_RX[5].GEN_PORT[1].cmpy_rp'
Parsing XDC File [e:/CE_128TR/CE_128TR.gen/sources_1/ip/cmpy_0/cmpy_0/cmpy_0_in_context.xdc] for cell 'inst/GEN_RX[6].GEN_PORT[0].cmpy_rp'
Finished Parsing XDC File [e:/CE_128TR/CE_128TR.gen/sources_1/ip/cmpy_0/cmpy_0/cmpy_0_in_context.xdc] for cell 'inst/GEN_RX[6].GEN_PORT[0].cmpy_rp'
Parsing XDC File [e:/CE_128TR/CE_128TR.gen/sources_1/ip/cmpy_0/cmpy_0/cmpy_0_in_context.xdc] for cell 'inst/GEN_RX[6].GEN_PORT[1].cmpy_rp'
Finished Parsing XDC File [e:/CE_128TR/CE_128TR.gen/sources_1/ip/cmpy_0/cmpy_0/cmpy_0_in_context.xdc] for cell 'inst/GEN_RX[6].GEN_PORT[1].cmpy_rp'
Parsing XDC File [e:/CE_128TR/CE_128TR.gen/sources_1/ip/cmpy_0/cmpy_0/cmpy_0_in_context.xdc] for cell 'inst/GEN_RX[7].GEN_PORT[0].cmpy_rp'
Finished Parsing XDC File [e:/CE_128TR/CE_128TR.gen/sources_1/ip/cmpy_0/cmpy_0/cmpy_0_in_context.xdc] for cell 'inst/GEN_RX[7].GEN_PORT[0].cmpy_rp'
Parsing XDC File [e:/CE_128TR/CE_128TR.gen/sources_1/ip/cmpy_0/cmpy_0/cmpy_0_in_context.xdc] for cell 'inst/GEN_RX[7].GEN_PORT[1].cmpy_rp'
Finished Parsing XDC File [e:/CE_128TR/CE_128TR.gen/sources_1/ip/cmpy_0/cmpy_0/cmpy_0_in_context.xdc] for cell 'inst/GEN_RX[7].GEN_PORT[1].cmpy_rp'
Parsing XDC File [e:/CE_128TR/CE_128TR.gen/sources_1/ip/cmpy_0/cmpy_0/cmpy_0_in_context.xdc] for cell 'inst/GEN_RX[8].GEN_PORT[0].cmpy_rp'
Finished Parsing XDC File [e:/CE_128TR/CE_128TR.gen/sources_1/ip/cmpy_0/cmpy_0/cmpy_0_in_context.xdc] for cell 'inst/GEN_RX[8].GEN_PORT[0].cmpy_rp'
Parsing XDC File [e:/CE_128TR/CE_128TR.gen/sources_1/ip/cmpy_0/cmpy_0/cmpy_0_in_context.xdc] for cell 'inst/GEN_RX[8].GEN_PORT[1].cmpy_rp'
Finished Parsing XDC File [e:/CE_128TR/CE_128TR.gen/sources_1/ip/cmpy_0/cmpy_0/cmpy_0_in_context.xdc] for cell 'inst/GEN_RX[8].GEN_PORT[1].cmpy_rp'
Parsing XDC File [e:/CE_128TR/CE_128TR.gen/sources_1/ip/cmpy_0/cmpy_0/cmpy_0_in_context.xdc] for cell 'inst/GEN_RX[9].GEN_PORT[0].cmpy_rp'
Finished Parsing XDC File [e:/CE_128TR/CE_128TR.gen/sources_1/ip/cmpy_0/cmpy_0/cmpy_0_in_context.xdc] for cell 'inst/GEN_RX[9].GEN_PORT[0].cmpy_rp'
Parsing XDC File [e:/CE_128TR/CE_128TR.gen/sources_1/ip/cmpy_0/cmpy_0/cmpy_0_in_context.xdc] for cell 'inst/GEN_RX[9].GEN_PORT[1].cmpy_rp'
Finished Parsing XDC File [e:/CE_128TR/CE_128TR.gen/sources_1/ip/cmpy_0/cmpy_0/cmpy_0_in_context.xdc] for cell 'inst/GEN_RX[9].GEN_PORT[1].cmpy_rp'
Parsing XDC File [e:/CE_128TR/CE_128TR.gen/sources_1/ip/cmpy_0/cmpy_0/cmpy_0_in_context.xdc] for cell 'inst/GEN_RX[10].GEN_PORT[0].cmpy_rp'
Finished Parsing XDC File [e:/CE_128TR/CE_128TR.gen/sources_1/ip/cmpy_0/cmpy_0/cmpy_0_in_context.xdc] for cell 'inst/GEN_RX[10].GEN_PORT[0].cmpy_rp'
Parsing XDC File [e:/CE_128TR/CE_128TR.gen/sources_1/ip/cmpy_0/cmpy_0/cmpy_0_in_context.xdc] for cell 'inst/GEN_RX[10].GEN_PORT[1].cmpy_rp'
Finished Parsing XDC File [e:/CE_128TR/CE_128TR.gen/sources_1/ip/cmpy_0/cmpy_0/cmpy_0_in_context.xdc] for cell 'inst/GEN_RX[10].GEN_PORT[1].cmpy_rp'
Parsing XDC File [e:/CE_128TR/CE_128TR.gen/sources_1/ip/cmpy_0/cmpy_0/cmpy_0_in_context.xdc] for cell 'inst/GEN_RX[11].GEN_PORT[0].cmpy_rp'
Finished Parsing XDC File [e:/CE_128TR/CE_128TR.gen/sources_1/ip/cmpy_0/cmpy_0/cmpy_0_in_context.xdc] for cell 'inst/GEN_RX[11].GEN_PORT[0].cmpy_rp'
Parsing XDC File [e:/CE_128TR/CE_128TR.gen/sources_1/ip/cmpy_0/cmpy_0/cmpy_0_in_context.xdc] for cell 'inst/GEN_RX[11].GEN_PORT[1].cmpy_rp'
Finished Parsing XDC File [e:/CE_128TR/CE_128TR.gen/sources_1/ip/cmpy_0/cmpy_0/cmpy_0_in_context.xdc] for cell 'inst/GEN_RX[11].GEN_PORT[1].cmpy_rp'
Parsing XDC File [e:/CE_128TR/CE_128TR.gen/sources_1/ip/cmpy_0/cmpy_0/cmpy_0_in_context.xdc] for cell 'inst/GEN_RX[12].GEN_PORT[0].cmpy_rp'
Finished Parsing XDC File [e:/CE_128TR/CE_128TR.gen/sources_1/ip/cmpy_0/cmpy_0/cmpy_0_in_context.xdc] for cell 'inst/GEN_RX[12].GEN_PORT[0].cmpy_rp'
Parsing XDC File [e:/CE_128TR/CE_128TR.gen/sources_1/ip/cmpy_0/cmpy_0/cmpy_0_in_context.xdc] for cell 'inst/GEN_RX[12].GEN_PORT[1].cmpy_rp'
Finished Parsing XDC File [e:/CE_128TR/CE_128TR.gen/sources_1/ip/cmpy_0/cmpy_0/cmpy_0_in_context.xdc] for cell 'inst/GEN_RX[12].GEN_PORT[1].cmpy_rp'
Parsing XDC File [e:/CE_128TR/CE_128TR.gen/sources_1/ip/cmpy_0/cmpy_0/cmpy_0_in_context.xdc] for cell 'inst/GEN_RX[13].GEN_PORT[0].cmpy_rp'
Finished Parsing XDC File [e:/CE_128TR/CE_128TR.gen/sources_1/ip/cmpy_0/cmpy_0/cmpy_0_in_context.xdc] for cell 'inst/GEN_RX[13].GEN_PORT[0].cmpy_rp'
Parsing XDC File [e:/CE_128TR/CE_128TR.gen/sources_1/ip/cmpy_0/cmpy_0/cmpy_0_in_context.xdc] for cell 'inst/GEN_RX[13].GEN_PORT[1].cmpy_rp'
Finished Parsing XDC File [e:/CE_128TR/CE_128TR.gen/sources_1/ip/cmpy_0/cmpy_0/cmpy_0_in_context.xdc] for cell 'inst/GEN_RX[13].GEN_PORT[1].cmpy_rp'
Parsing XDC File [e:/CE_128TR/CE_128TR.gen/sources_1/ip/cmpy_0/cmpy_0/cmpy_0_in_context.xdc] for cell 'inst/GEN_RX[14].GEN_PORT[0].cmpy_rp'
Finished Parsing XDC File [e:/CE_128TR/CE_128TR.gen/sources_1/ip/cmpy_0/cmpy_0/cmpy_0_in_context.xdc] for cell 'inst/GEN_RX[14].GEN_PORT[0].cmpy_rp'
Parsing XDC File [e:/CE_128TR/CE_128TR.gen/sources_1/ip/cmpy_0/cmpy_0/cmpy_0_in_context.xdc] for cell 'inst/GEN_RX[14].GEN_PORT[1].cmpy_rp'
Finished Parsing XDC File [e:/CE_128TR/CE_128TR.gen/sources_1/ip/cmpy_0/cmpy_0/cmpy_0_in_context.xdc] for cell 'inst/GEN_RX[14].GEN_PORT[1].cmpy_rp'
Parsing XDC File [e:/CE_128TR/CE_128TR.gen/sources_1/ip/cmpy_0/cmpy_0/cmpy_0_in_context.xdc] for cell 'inst/GEN_RX[15].GEN_PORT[0].cmpy_rp'
Finished Parsing XDC File [e:/CE_128TR/CE_128TR.gen/sources_1/ip/cmpy_0/cmpy_0/cmpy_0_in_context.xdc] for cell 'inst/GEN_RX[15].GEN_PORT[0].cmpy_rp'
Parsing XDC File [e:/CE_128TR/CE_128TR.gen/sources_1/ip/cmpy_0/cmpy_0/cmpy_0_in_context.xdc] for cell 'inst/GEN_RX[15].GEN_PORT[1].cmpy_rp'
Finished Parsing XDC File [e:/CE_128TR/CE_128TR.gen/sources_1/ip/cmpy_0/cmpy_0/cmpy_0_in_context.xdc] for cell 'inst/GEN_RX[15].GEN_PORT[1].cmpy_rp'
Parsing XDC File [e:/CE_128TR/CE_128TR.gen/sources_1/ip/fifo_delay_tdata/fifo_delay_tdata/fifo_delay_tdata_in_context.xdc] for cell 'inst/fifo_delay_seq'
Finished Parsing XDC File [e:/CE_128TR/CE_128TR.gen/sources_1/ip/fifo_delay_tdata/fifo_delay_tdata/fifo_delay_tdata_in_context.xdc] for cell 'inst/fifo_delay_seq'
Parsing XDC File [e:/CE_128TR/CE_128TR.gen/sources_1/ip/fifo_delay_tdata/fifo_delay_tdata/fifo_delay_tdata_in_context.xdc] for cell 'inst/fifo_delay_demap'
Finished Parsing XDC File [e:/CE_128TR/CE_128TR.gen/sources_1/ip/fifo_delay_tdata/fifo_delay_tdata/fifo_delay_tdata_in_context.xdc] for cell 'inst/fifo_delay_demap'
Parsing XDC File [e:/CE_128TR/CE_128TR.gen/sources_1/bd/CE_128TR/ip/CE_128TR_EstNoise_7_0/CE_128TR_EstNoise_7_0_ooc.xdc] for cell 'inst'
create_clock: Time (s): cpu = 00:00:09 ; elapsed = 00:00:09 . Memory (MB): peak = 2107.438 ; gain = 0.023
Finished Parsing XDC File [e:/CE_128TR/CE_128TR.gen/sources_1/bd/CE_128TR/ip/CE_128TR_EstNoise_7_0/CE_128TR_EstNoise_7_0_ooc.xdc] for cell 'inst'
Parsing XDC File [E:/CE_128TR/CE_128TR.runs/CE_128TR_EstNoise_7_0_synth_1/dont_touch.xdc]
Finished Parsing XDC File [E:/CE_128TR/CE_128TR.runs/CE_128TR_EstNoise_7_0_synth_1/dont_touch.xdc]
Completed Processing XDC Constraints

Netlist sorting complete. Time (s): cpu = 00:00:00 ; elapsed = 00:00:00.001 . Memory (MB): peak = 2107.438 ; gain = 0.000
INFO: [Project 1-111] Unisim Transformation Summary:
No Unisim elements were transformed.

Constraint Validation Runtime : Time (s): cpu = 00:00:00 ; elapsed = 00:00:00.148 . Memory (MB): peak = 2108.453 ; gain = 1.016
INFO: [Designutils 20-5008] Incremental synthesis strategy off
---------------------------------------------------------------------------------
Finished Constraint Validation : Time (s): cpu = 00:00:37 ; elapsed = 00:00:38 . Memory (MB): peak = 2108.453 ; gain = 437.188
---------------------------------------------------------------------------------
---------------------------------------------------------------------------------
Start Loading Part and Timing Information
---------------------------------------------------------------------------------
Loading part: xczu19eg-ffvc1760-2-i
INFO: [Synth 8-6742] Reading net delay rules and data
---------------------------------------------------------------------------------
Finished Loading Part and Timing Information : Time (s): cpu = 00:00:37 ; elapsed = 00:00:38 . Memory (MB): peak = 2108.453 ; gain = 437.188
---------------------------------------------------------------------------------
---------------------------------------------------------------------------------
Start Applying 'set_property' XDC Constraints
---------------------------------------------------------------------------------
Applied set_property KEEP_HIERARCHY = SOFT for inst. (constraint file  E:/CE_128TR/CE_128TR.runs/CE_128TR_EstNoise_7_0_synth_1/dont_touch.xdc, line 15).
Applied set_property KEEP_HIERARCHY = SOFT for inst/\GEN_RX[0].GEN_PORT[0].cmpy_rp . (constraint file  auto generated constraint).
Applied set_property KEEP_HIERARCHY = SOFT for inst/\GEN_RX[0].GEN_PORT[1].cmpy_rp . (constraint file  auto generated constraint).
Applied set_property KEEP_HIERARCHY = SOFT for inst/\GEN_RX[10].GEN_PORT[0].cmpy_rp . (constraint file  auto generated constraint).
Applied set_property KEEP_HIERARCHY = SOFT for inst/\GEN_RX[10].GEN_PORT[1].cmpy_rp . (constraint file  auto generated constraint).
Applied set_property KEEP_HIERARCHY = SOFT for inst/\GEN_RX[11].GEN_PORT[0].cmpy_rp . (constraint file  auto generated constraint).
Applied set_property KEEP_HIERARCHY = SOFT for inst/\GEN_RX[11].GEN_PORT[1].cmpy_rp . (constraint file  auto generated constraint).
Applied set_property KEEP_HIERARCHY = SOFT for inst/\GEN_RX[12].GEN_PORT[0].cmpy_rp . (constraint file  auto generated constraint).
Applied set_property KEEP_HIERARCHY = SOFT for inst/\GEN_RX[12].GEN_PORT[1].cmpy_rp . (constraint file  auto generated constraint).
Applied set_property KEEP_HIERARCHY = SOFT for inst/\GEN_RX[13].GEN_PORT[0].cmpy_rp . (constraint file  auto generated constraint).
Applied set_property KEEP_HIERARCHY = SOFT for inst/\GEN_RX[13].GEN_PORT[1].cmpy_rp . (constraint file  auto generated constraint).
Applied set_property KEEP_HIERARCHY = SOFT for inst/\GEN_RX[14].GEN_PORT[0].cmpy_rp . (constraint file  auto generated constraint).
Applied set_property KEEP_HIERARCHY = SOFT for inst/\GEN_RX[14].GEN_PORT[1].cmpy_rp . (constraint file  auto generated constraint).
Applied set_property KEEP_HIERARCHY = SOFT for inst/\GEN_RX[15].GEN_PORT[0].cmpy_rp . (constraint file  auto generated constraint).
Applied set_property KEEP_HIERARCHY = SOFT for inst/\GEN_RX[15].GEN_PORT[1].cmpy_rp . (constraint file  auto generated constraint).
Applied set_property KEEP_HIERARCHY = SOFT for inst/\GEN_RX[1].GEN_PORT[0].cmpy_rp . (constraint file  auto generated constraint).
Applied set_property KEEP_HIERARCHY = SOFT for inst/\GEN_RX[1].GEN_PORT[1].cmpy_rp . (constraint file  auto generated constraint).
Applied set_property KEEP_HIERARCHY = SOFT for inst/\GEN_RX[2].GEN_PORT[0].cmpy_rp . (constraint file  auto generated constraint).
Applied set_property KEEP_HIERARCHY = SOFT for inst/\GEN_RX[2].GEN_PORT[1].cmpy_rp . (constraint file  auto generated constraint).
Applied set_property KEEP_HIERARCHY = SOFT for inst/\GEN_RX[3].GEN_PORT[0].cmpy_rp . (constraint file  auto generated constraint).
Applied set_property KEEP_HIERARCHY = SOFT for inst/\GEN_RX[3].GEN_PORT[1].cmpy_rp . (constraint file  auto generated constraint).
Applied set_property KEEP_HIERARCHY = SOFT for inst/\GEN_RX[4].GEN_PORT[0].cmpy_rp . (constraint file  auto generated constraint).
Applied set_property KEEP_HIERARCHY = SOFT for inst/\GEN_RX[4].GEN_PORT[1].cmpy_rp . (constraint file  auto generated constraint).
Applied set_property KEEP_HIERARCHY = SOFT for inst/\GEN_RX[5].GEN_PORT[0].cmpy_rp . (constraint file  auto generated constraint).
Applied set_property KEEP_HIERARCHY = SOFT for inst/\GEN_RX[5].GEN_PORT[1].cmpy_rp . (constraint file  auto generated constraint).
Applied set_property KEEP_HIERARCHY = SOFT for inst/\GEN_RX[6].GEN_PORT[0].cmpy_rp . (constraint file  auto generated constraint).
Applied set_property KEEP_HIERARCHY = SOFT for inst/\GEN_RX[6].GEN_PORT[1].cmpy_rp . (constraint file  auto generated constraint).
Applied set_property KEEP_HIERARCHY = SOFT for inst/\GEN_RX[7].GEN_PORT[0].cmpy_rp . (constraint file  auto generated constraint).
Applied set_property KEEP_HIERARCHY = SOFT for inst/\GEN_RX[7].GEN_PORT[1].cmpy_rp . (constraint file  auto generated constraint).
Applied set_property KEEP_HIERARCHY = SOFT for inst/\GEN_RX[8].GEN_PORT[0].cmpy_rp . (constraint file  auto generated constraint).
Applied set_property KEEP_HIERARCHY = SOFT for inst/\GEN_RX[8].GEN_PORT[1].cmpy_rp . (constraint file  auto generated constraint).
Applied set_property KEEP_HIERARCHY = SOFT for inst/\GEN_RX[9].GEN_PORT[0].cmpy_rp . (constraint file  auto generated constraint).
Applied set_property KEEP_HIERARCHY = SOFT for inst/\GEN_RX[9].GEN_PORT[1].cmpy_rp . (constraint file  auto generated constraint).
Applied set_property KEEP_HIERARCHY = SOFT for inst/fifo_delay_demap. (constraint file  auto generated constraint).
Applied set_property KEEP_HIERARCHY = SOFT for inst/fifo_delay_seq. (constraint file  auto generated constraint).
---------------------------------------------------------------------------------
Finished applying 'set_property' XDC Constraints : Time (s): cpu = 00:00:37 ; elapsed = 00:00:39 . Memory (MB): peak = 2108.453 ; gain = 437.188
---------------------------------------------------------------------------------
---------------------------------------------------------------------------------
Finished RTL Optimization Phase 2 : Time (s): cpu = 00:00:38 ; elapsed = 00:00:40 . Memory (MB): peak = 2108.453 ; gain = 437.188
---------------------------------------------------------------------------------
---------------------------------------------------------------------------------
Start RTL Component Statistics 
---------------------------------------------------------------------------------
Detailed RTL Component Info : 
+---Adders : 
	   2 Input   35 Bit       Adders := 16    
	   4 Input   17 Bit       Adders := 32    
+---Registers : 
	               32 Bit    Registers := 16    
	               17 Bit    Registers := 32    
	                1 Bit    Registers := 4     
---------------------------------------------------------------------------------
Finished RTL Component Statistics 
---------------------------------------------------------------------------------
---------------------------------------------------------------------------------
Start Part Resource Summary
---------------------------------------------------------------------------------
Part Resources:
DSPs: 1968 (col length:264)
BRAMs: 1968 (col length: RAMB18 264 RAMB36 132)
---------------------------------------------------------------------------------
Finished Part Resource Summary
---------------------------------------------------------------------------------
---------------------------------------------------------------------------------
Start Cross Boundary and Area Optimization
---------------------------------------------------------------------------------
WARNING: [Synth 8-7080] Parallel synthesis criteria is not met
DSP Report: Generating DSP sq_im_reg[0], operation Mode is: (A2*B2)'.
DSP Report: register n_im_reg[0] is absorbed into DSP sq_im_reg[0].
DSP Report: register n_im_reg[0] is absorbed into DSP sq_im_reg[0].
DSP Report: register sq_im_reg[0] is absorbed into DSP sq_im_reg[0].
DSP Report: operator p_0_out is absorbed into DSP sq_im_reg[0].
DSP Report: Generating DSP sq_re_reg[0], operation Mode is: (A2*B2)'.
DSP Report: register n_re_reg[0] is absorbed into DSP sq_re_reg[0].
DSP Report: register n_re_reg[0] is absorbed into DSP sq_re_reg[0].
DSP Report: register sq_re_reg[0] is absorbed into DSP sq_re_reg[0].
DSP Report: operator p_0_out is absorbed into DSP sq_re_reg[0].
DSP Report: Generating DSP sq_im_reg[1], operation Mode is: (A2*B2)'.
DSP Report: register n_im_reg[1] is absorbed into DSP sq_im_reg[1].
DSP Report: register n_im_reg[1] is absorbed into DSP sq_im_reg[1].
DSP Report: register sq_im_reg[1] is absorbed into DSP sq_im_reg[1].
DSP Report: operator p_0_out is absorbed into DSP sq_im_reg[1].
DSP Report: Generating DSP sq_re_reg[1], operation Mode is: (A2*B2)'.
DSP Report: register n_re_reg[1] is absorbed into DSP sq_re_reg[1].
DSP Report: register n_re_reg[1] is absorbed into DSP sq_re_reg[1].
DSP Report: register sq_re_reg[1] is absorbed into DSP sq_re_reg[1].
DSP Report: operator p_0_out is absorbed into DSP sq_re_reg[1].
DSP Report: Generating DSP sq_im_reg[2], operation Mode is: (A2*B2)'.
DSP Report: register n_im_reg[2] is absorbed into DSP sq_im_reg[2].
DSP Report: register n_im_reg[2] is absorbed into DSP sq_im_reg[2].
DSP Report: register sq_im_reg[2] is absorbed into DSP sq_im_reg[2].
DSP Report: operator p_0_out is absorbed into DSP sq_im_reg[2].
DSP Report: Generating DSP sq_re_reg[2], operation Mode is: (A2*B2)'.
DSP Report: register n_re_reg[2] is absorbed into DSP sq_re_reg[2].
DSP Report: register n_re_reg[2] is absorbed into DSP sq_re_reg[2].
DSP Report: register sq_re_reg[2] is absorbed into DSP sq_re_reg[2].
DSP Report: operator p_0_out is absorbed into DSP sq_re_reg[2].
DSP Report: Generating DSP sq_im_reg[3], operation Mode is: (A2*B2)'.
DSP Report: register n_im_reg[3] is absorbed into DSP sq_im_reg[3].
DSP Report: register n_im_reg[3] is absorbed into DSP sq_im_reg[3].
DSP Report: register sq_im_reg[3] is absorbed into DSP sq_im_reg[3].
DSP Report: operator p_0_out is absorbed into DSP sq_im_reg[3].
DSP Report: Generating DSP sq_re_reg[3], operation Mode is: (A2*B2)'.
DSP Report: register n_re_reg[3] is absorbed into DSP sq_re_reg[3].
DSP Report: register n_re_reg[3] is absorbed into DSP sq_re_reg[3].
DSP Report: register sq_re_reg[3] is absorbed into DSP sq_re_reg[3].
DSP Report: operator p_0_out is absorbed into DSP sq_re_reg[3].
DSP Report: Generating DSP sq_im_reg[4], operation Mode is: (A2*B2)'.
DSP Report: register n_im_reg[4] is absorbed into DSP sq_im_reg[4].
DSP Report: register n_im_reg[4] is absorbed into DSP sq_im_reg[4].
DSP Report: register sq_im_reg[4] is absorbed into DSP sq_im_reg[4].
DSP Report: operator p_0_out is absorbed into DSP sq_im_reg[4].
DSP Report: Generating DSP sq_re_reg[4], operation Mode is: (A2*B2)'.
DSP Report: register n_re_reg[4] is absorbed into DSP sq_re_reg[4].
DSP Report: register n_re_reg[4] is absorbed into DSP sq_re_reg[4].
DSP Report: register sq_re_reg[4] is absorbed into DSP sq_re_reg[4].
DSP Report: operator p_0_out is absorbed into DSP sq_re_reg[4].
DSP Report: Generating DSP sq_im_reg[5], operation Mode is: (A2*B2)'.
DSP Report: register n_im_reg[5] is absorbed into DSP sq_im_reg[5].
DSP Report: register n_im_reg[5] is absorbed into DSP sq_im_reg[5].
DSP Report: register sq_im_reg[5] is absorbed into DSP sq_im_reg[5].
DSP Report: operator p_0_out is absorbed into DSP sq_im_reg[5].
DSP Report: Generating DSP sq_re_reg[5], operation Mode is: (A2*B2)'.
DSP Report: register n_re_reg[5] is absorbed into DSP sq_re_reg[5].
DSP Report: register n_re_reg[5] is absorbed into DSP sq_re_reg[5].
DSP Report: register sq_re_reg[5] is absorbed into DSP sq_re_reg[5].
DSP Report: operator p_0_out is absorbed into DSP sq_re_reg[5].
DSP Report: Generating DSP sq_im_reg[6], operation Mode is: (A2*B2)'.
DSP Report: register n_im_reg[6] is absorbed into DSP sq_im_reg[6].
DSP Report: register n_im_reg[6] is absorbed into DSP sq_im_reg[6].
DSP Report: register sq_im_reg[6] is absorbed into DSP sq_im_reg[6].
DSP Report: operator p_0_out is absorbed into DSP sq_im_reg[6].
DSP Report: Generating DSP sq_re_reg[6], operation Mode is: (A2*B2)'.
DSP Report: register n_re_reg[6] is absorbed into DSP sq_re_reg[6].
DSP Report: register n_re_reg[6] is absorbed into DSP sq_re_reg[6].
DSP Report: register sq_re_reg[6] is absorbed into DSP sq_re_reg[6].
DSP Report: operator p_0_out is absorbed into DSP sq_re_reg[6].
DSP Report: Generating DSP sq_im_reg[7], operation Mode is: (A2*B2)'.
DSP Report: register n_im_reg[7] is absorbed into DSP sq_im_reg[7].
DSP Report: register n_im_reg[7] is absorbed into DSP sq_im_reg[7].
DSP Report: register sq_im_reg[7] is absorbed into DSP sq_im_reg[7].
DSP Report: operator p_0_out is absorbed into DSP sq_im_reg[7].
DSP Report: Generating DSP sq_re_reg[7], operation Mode is: (A2*B2)'.
DSP Report: register n_re_reg[7] is absorbed into DSP sq_re_reg[7].
DSP Report: register n_re_reg[7] is absorbed into DSP sq_re_reg[7].
DSP Report: register sq_re_reg[7] is absorbed into DSP sq_re_reg[7].
DSP Report: operator p_0_out is absorbed into DSP sq_re_reg[7].
DSP Report: Generating DSP sq_im_reg[8], operation Mode is: (A2*B2)'.
DSP Report: register n_im_reg[8] is absorbed into DSP sq_im_reg[8].
DSP Report: register n_im_reg[8] is absorbed into DSP sq_im_reg[8].
DSP Report: register sq_im_reg[8] is absorbed into DSP sq_im_reg[8].
DSP Report: operator p_0_out is absorbed into DSP sq_im_reg[8].
DSP Report: Generating DSP sq_re_reg[8], operation Mode is: (A2*B2)'.
DSP Report: register n_re_reg[8] is absorbed into DSP sq_re_reg[8].
DSP Report: register n_re_reg[8] is absorbed into DSP sq_re_reg[8].
DSP Report: register sq_re_reg[8] is absorbed into DSP sq_re_reg[8].
DSP Report: operator p_0_out is absorbed into DSP sq_re_reg[8].
DSP Report: Generating DSP sq_im_reg[9], operation Mode is: (A2*B2)'.
DSP Report: register n_im_reg[9] is absorbed into DSP sq_im_reg[9].
DSP Report: register n_im_reg[9] is absorbed into DSP sq_im_reg[9].
DSP Report: register sq_im_reg[9] is absorbed into DSP sq_im_reg[9].
DSP Report: operator p_0_out is absorbed into DSP sq_im_reg[9].
DSP Report: Generating DSP sq_re_reg[9], operation Mode is: (A2*B2)'.
DSP Report: register n_re_reg[9] is absorbed into DSP sq_re_reg[9].
DSP Report: register n_re_reg[9] is absorbed into DSP sq_re_reg[9].
DSP Report: register sq_re_reg[9] is absorbed into DSP sq_re_reg[9].
DSP Report: operator p_0_out is absorbed into DSP sq_re_reg[9].
DSP Report: Generating DSP sq_im_reg[10], operation Mode is: (A2*B2)'.
DSP Report: register n_im_reg[10] is absorbed into DSP sq_im_reg[10].
DSP Report: register n_im_reg[10] is absorbed into DSP sq_im_reg[10].
DSP Report: register sq_im_reg[10] is absorbed into DSP sq_im_reg[10].
DSP Report: operator p_0_out is absorbed into DSP sq_im_reg[10].
DSP Report: Generating DSP sq_re_reg[10], operation Mode is: (A2*B2)'.
DSP Report: register n_re_reg[10] is absorbed into DSP sq_re_reg[10].
DSP Report: register n_re_reg[10] is absorbed into DSP sq_re_reg[10].
DSP Report: register sq_re_reg[10] is absorbed into DSP sq_re_reg[10].
DSP Report: operator p_0_out is absorbed into DSP sq_re_reg[10].
DSP Report: Generating DSP sq_im_reg[11], operation Mode is: (A2*B2)'.
DSP Report: register n_im_reg[11] is absorbed into DSP sq_im_reg[11].
DSP Report: register n_im_reg[11] is absorbed into DSP sq_im_reg[11].
DSP Report: register sq_im_reg[11] is absorbed into DSP sq_im_reg[11].
DSP Report: operator p_0_out is absorbed into DSP sq_im_reg[11].
DSP Report: Generating DSP sq_re_reg[11], operation Mode is: (A2*B2)'.
DSP Report: register n_re_reg[11] is absorbed into DSP sq_re_reg[11].
DSP Report: register n_re_reg[11] is absorbed into DSP sq_re_reg[11].
DSP Report: register sq_re_reg[11] is absorbed into DSP sq_re_reg[11].
DSP Report: operator p_0_out is absorbed into DSP sq_re_reg[11].
DSP Report: Generating DSP sq_im_reg[12], operation Mode is: (A2*B2)'.
DSP Report: register n_im_reg[12] is absorbed into DSP sq_im_reg[12].
DSP Report: register n_im_reg[12] is absorbed into DSP sq_im_reg[12].
DSP Report: register sq_im_reg[12] is absorbed into DSP sq_im_reg[12].
DSP Report: operator p_0_out is absorbed into DSP sq_im_reg[12].
DSP Report: Generating DSP sq_re_reg[12], operation Mode is: (A2*B2)'.
DSP Report: register n_re_reg[12] is absorbed into DSP sq_re_reg[12].
DSP Report: register n_re_reg[12] is absorbed into DSP sq_re_reg[12].
DSP Report: register sq_re_reg[12] is absorbed into DSP sq_re_reg[12].
DSP Report: operator p_0_out is absorbed into DSP sq_re_reg[12].
DSP Report: Generating DSP sq_im_reg[13], operation Mode is: (A2*B2)'.
DSP Report: register n_im_reg[13] is absorbed into DSP sq_im_reg[13].
DSP Report: register n_im_reg[13] is absorbed into DSP sq_im_reg[13].
DSP Report: register sq_im_reg[13] is absorbed into DSP sq_im_reg[13].
DSP Report: operator p_0_out is absorbed into DSP sq_im_reg[13].
DSP Report: Generating DSP sq_re_reg[13], operation Mode is: (A2*B2)'.
DSP Report: register n_re_reg[13] is absorbed into DSP sq_re_reg[13].
DSP Report: register n_re_reg[13] is absorbed into DSP sq_re_reg[13].
DSP Report: register sq_re_reg[13] is absorbed into DSP sq_re_reg[13].
DSP Report: operator p_0_out is absorbed into DSP sq_re_reg[13].
DSP Report: Generating DSP sq_im_reg[14], operation Mode is: (A2*B2)'.
DSP Report: register n_im_reg[14] is absorbed into DSP sq_im_reg[14].
DSP Report: register n_im_reg[14] is absorbed into DSP sq_im_reg[14].
DSP Report: register sq_im_reg[14] is absorbed into DSP sq_im_reg[14].
DSP Report: operator p_0_out is absorbed into DSP sq_im_reg[14].
DSP Report: Generating DSP sq_re_reg[14], operation Mode is: (A2*B2)'.
DSP Report: register n_re_reg[14] is absorbed into DSP sq_re_reg[14].
DSP Report: register n_re_reg[14] is absorbed into DSP sq_re_reg[14].
DSP Report: register sq_re_reg[14] is absorbed into DSP sq_re_reg[14].
DSP Report: operator p_0_out is absorbed into DSP sq_re_reg[14].
DSP Report: Generating DSP sq_im_reg[15], operation Mode is: (A2*B2)'.
DSP Report: register n_im_reg[15] is absorbed into DSP sq_im_reg[15].
DSP Report: register n_im_reg[15] is absorbed into DSP sq_im_reg[15].
DSP Report: register sq_im_reg[15] is absorbed into DSP sq_im_reg[15].
DSP Report: operator p_0_out is absorbed into DSP sq_im_reg[15].
DSP Report: Generating DSP sq_re_reg[15], operation Mode is: (A2*B2)'.
DSP Report: register n_re_reg[15] is absorbed into DSP sq_re_reg[15].
DSP Report: register n_re_reg[15] is absorbed into DSP sq_re_reg[15].
DSP Report: register sq_re_reg[15] is absorbed into DSP sq_re_reg[15].
DSP Report: operator p_0_out is absorbed into DSP sq_re_reg[15].
---------------------------------------------------------------------------------
Finished Cross Boundary and Area Optimization : Time (s): cpu = 00:00:46 ; elapsed = 00:00:48 . Memory (MB): peak = 2108.453 ; gain = 437.188
---------------------------------------------------------------------------------
 Sort Area is  sq_im_reg[0]_2 : 0 0 : 2332 2332 : Used 1 time 0
 Sort Area is  sq_im_reg[10]_16 : 0 0 : 2332 2332 : Used 1 time 0
 Sort Area is  sq_im_reg[11]_18 : 0 0 : 2332 2332 : Used 1 time 0
 Sort Area is  sq_im_reg[12]_1a : 0 0 : 2332 2332 : Used 1 time 0
 Sort Area is  sq_im_reg[13]_1c : 0 0 : 2332 2332 : Used 1 time 0
 Sort Area is  sq_im_reg[14]_1e : 0 0 : 2332 2332 : Used 1 time 0
 Sort Area is  sq_im_reg[15]_20 : 0 0 : 2332 2332 : Used 1 time 0
 Sort Area is  sq_im_reg[1]_4 : 0 0 : 2332 2332 : Used 1 time 0
 Sort Area is  sq_im_reg[2]_6 : 0 0 : 2332 2332 : Used 1 time 0
 Sort Area is  sq_im_reg[3]_8 : 0 0 : 2332 2332 : Used 1 time 0
 Sort Area is  sq_im_reg[4]_a : 0 0 : 2332 2332 : Used 1 time 0
 Sort Area is  sq_im_reg[5]_c : 0 0 : 2332 2332 : Used 1 time 0
 Sort Area is  sq_im_reg[6]_e : 0 0 : 2332 2332 : Used 1 time 0
 Sort Area is  sq_im_reg[7]_10 : 0 0 : 2332 2332 : Used 1 time 0
 Sort Area is  sq_im_reg[8]_12 : 0 0 : 2332 2332 : Used 1 time 0
 Sort Area is  sq_im_reg[9]_14 : 0 0 : 2332 2332 : Used 1 time 0
 Sort Area is  sq_re_reg[0]_0 : 0 0 : 2332 2332 : Used 1 time 0
 Sort Area is  sq_re_reg[10]_15 : 0 0 : 2332 2332 : Used 1 time 0
 Sort Area is  sq_re_reg[11]_17 : 0 0 : 2332 2332 : Used 1 time 0
 Sort Area is  sq_re_reg[12]_19 : 0 0 : 2332 2332 : Used 1 time 0
 Sort Area is  sq_re_reg[13]_1b : 0 0 : 2332 2332 : Used 1 time 0
 Sort Area is  sq_re_reg[14]_1d : 0 0 : 2332 2332 : Used 1 time 0
 Sort Area is  sq_re_reg[15]_1f : 0 0 : 2332 2332 : Used 1 time 0
 Sort Area is  sq_re_reg[1]_3 : 0 0 : 2332 2332 : Used 1 time 0
 Sort Area is  sq_re_reg[2]_5 : 0 0 : 2332 2332 : Used 1 time 0
 Sort Area is  sq_re_reg[3]_7 : 0 0 : 2332 2332 : Used 1 time 0
 Sort Area is  sq_re_reg[4]_9 : 0 0 : 2332 2332 : Used 1 time 0
 Sort Area is  sq_re_reg[5]_b : 0 0 : 2332 2332 : Used 1 time 0
 Sort Area is  sq_re_reg[6]_d : 0 0 : 2332 2332 : Used 1 time 0
 Sort Area is  sq_re_reg[7]_f : 0 0 : 2332 2332 : Used 1 time 0
 Sort Area is  sq_re_reg[8]_11 : 0 0 : 2332 2332 : Used 1 time 0
 Sort Area is  sq_re_reg[9]_13 : 0 0 : 2332 2332 : Used 1 time 0
---------------------------------------------------------------------------------
Start ROM, RAM, DSP, Shift Register and Retiming Reporting
---------------------------------------------------------------------------------

DSP: Preliminary Mapping Report (see note below. The ' indicates corresponding REG is set)
+------------+-------------+--------+--------+--------+--------+--------+------+------+------+------+-------+------+------+
|Module Name | DSP Mapping | A Size | B Size | C Size | D Size | P Size | AREG | BREG | CREG | DREG | ADREG | MREG | PREG | 
+------------+-------------+--------+--------+--------+--------+--------+------+------+------+------+-------+------+------+
|EstNoise    | (A2*B2)'    | 17     | 17     | -      | -      | 34     | 1    | 1    | -    | -    | -     | 1    | 0    | 
|EstNoise    | (A2*B2)'    | 17     | 17     | -      | -      | 34     | 1    | 1    | -    | -    | -     | 1    | 0    | 
|EstNoise    | (A2*B2)'    | 17     | 17     | -      | -      | 34     | 1    | 1    | -    | -    | -     | 1    | 0    | 
|EstNoise    | (A2*B2)'    | 17     | 17     | -      | -      | 34     | 1    | 1    | -    | -    | -     | 1    | 0    | 
|EstNoise    | (A2*B2)'    | 17     | 17     | -      | -      | 34     | 1    | 1    | -    | -    | -     | 1    | 0    | 
|EstNoise    | (A2*B2)'    | 17     | 17     | -      | -      | 34     | 1    | 1    | -    | -    | -     | 1    | 0    | 
|EstNoise    | (A2*B2)'    | 17     | 17     | -      | -      | 34     | 1    | 1    | -    | -    | -     | 1    | 0    | 
|EstNoise    | (A2*B2)'    | 17     | 17     | -      | -      | 34     | 1    | 1    | -    | -    | -     | 1    | 0    | 
|EstNoise    | (A2*B2)'    | 17     | 17     | -      | -      | 34     | 1    | 1    | -    | -    | -     | 1    | 0    | 
|EstNoise    | (A2*B2)'    | 17     | 17     | -      | -      | 34     | 1    | 1    | -    | -    | -     | 1    | 0    | 
|EstNoise    | (A2*B2)'    | 17     | 17     | -      | -      | 34     | 1    | 1    | -    | -    | -     | 1    | 0    | 
|EstNoise    | (A2*B2)'    | 17     | 17     | -      | -      | 34     | 1    | 1    | -    | -    | -     | 1    | 0    | 
|EstNoise    | (A2*B2)'    | 17     | 17     | -      | -      | 34     | 1    | 1    | -    | -    | -     | 1    | 0    | 
|EstNoise    | (A2*B2)'    | 17     | 17     | -      | -      | 34     | 1    | 1    | -    | -    | -     | 1    | 0    | 
|EstNoise    | (A2*B2)'    | 17     | 17     | -      | -      | 34     | 1    | 1    | -    | -    | -     | 1    | 0    | 
|EstNoise    | (A2*B2)'    | 17     | 17     | -      | -      | 34     | 1    | 1    | -    | -    | -     | 1    | 0    | 
|EstNoise    | (A2*B2)'    | 17     | 17     | -      | -      | 34     | 1    | 1    | -    | -    | -     | 1    | 0    | 
|EstNoise    | (A2*B2)'    | 17     | 17     | -      | -      | 34     | 1    | 1    | -    | -    | -     | 1    | 0    | 
|EstNoise    | (A2*B2)'    | 17     | 17     | -      | -      | 34     | 1    | 1    | -    | -    | -     | 1    | 0    | 
|EstNoise    | (A2*B2)'    | 17     | 17     | -      | -      | 34     | 1    | 1    | -    | -    | -     | 1    | 0    | 
|EstNoise    | (A2*B2)'    | 17     | 17     | -      | -      | 34     | 1    | 1    | -    | -    | -     | 1    | 0    | 
|EstNoise    | (A2*B2)'    | 17     | 17     | -      | -      | 34     | 1    | 1    | -    | -    | -     | 1    | 0    | 
|EstNoise    | (A2*B2)'    | 17     | 17     | -      | -      | 34     | 1    | 1    | -    | -    | -     | 1    | 0    | 
|EstNoise    | (A2*B2)'    | 17     | 17     | -      | -      | 34     | 1    | 1    | -    | -    | -     | 1    | 0    | 
|EstNoise    | (A2*B2)'    | 17     | 17     | -      | -      | 34     | 1    | 1    | -    | -    | -     | 1    | 0    | 
|EstNoise    | (A2*B2)'    | 17     | 17     | -      | -      | 34     | 1    | 1    | -    | -    | -     | 1    | 0    | 
|EstNoise    | (A2*B2)'    | 17     | 17     | -      | -      | 34     | 1    | 1    | -    | -    | -     | 1    | 0    | 
|EstNoise    | (A2*B2)'    | 17     | 17     | -      | -      | 34     | 1    | 1    | -    | -    | -     | 1    | 0    | 
|EstNoise    | (A2*B2)'    | 17     | 17     | -      | -      | 34     | 1    | 1    | -    | -    | -     | 1    | 0    | 
|EstNoise    | (A2*B2)'    | 17     | 17     | -      | -      | 34     | 1    | 1    | -    | -    | -     | 1    | 0    | 
|EstNoise    | (A2*B2)'    | 17     | 17     | -      | -      | 34     | 1    | 1    | -    | -    | -     | 1    | 0    | 
|EstNoise    | (A2*B2)'    | 17     | 17     | -      | -      | 34     | 1    | 1    | -    | -    | -     | 1    | 0    | 
+------------+-------------+--------+--------+--------+--------+--------+------+------+------+------+-------+------+------+

Note: The table above is a preliminary report that shows the DSPs inferred at the current stage of the synthesis flow. Some DSP may be reimplemented as non DSP primitives later in the synthesis flow. Multiple instantiated DSPs are reported only once.
---------------------------------------------------------------------------------
Finished ROM, RAM, DSP, Shift Register and Retiming Reporting
---------------------------------------------------------------------------------
---------------------------------------------------------------------------------
Start Applying XDC Timing Constraints
---------------------------------------------------------------------------------
---------------------------------------------------------------------------------
Finished Applying XDC Timing Constraints : Time (s): cpu = 00:01:07 ; elapsed = 00:01:10 . Memory (MB): peak = 2784.355 ; gain = 1113.090
---------------------------------------------------------------------------------
---------------------------------------------------------------------------------
Start Timing Optimization
---------------------------------------------------------------------------------
---------------------------------------------------------------------------------
Finished Timing Optimization : Time (s): cpu = 00:01:11 ; elapsed = 00:01:15 . Memory (MB): peak = 2799.332 ; gain = 1128.066
---------------------------------------------------------------------------------
---------------------------------------------------------------------------------
Start Technology Mapping
---------------------------------------------------------------------------------
---------------------------------------------------------------------------------
Finished Technology Mapping : Time (s): cpu = 00:01:14 ; elapsed = 00:01:17 . Memory (MB): peak = 2812.293 ; gain = 1141.027
---------------------------------------------------------------------------------
---------------------------------------------------------------------------------
Start IO Insertion
---------------------------------------------------------------------------------
---------------------------------------------------------------------------------
Start Flattening Before IO Insertion
---------------------------------------------------------------------------------
---------------------------------------------------------------------------------
Finished Flattening Before IO Insertion
---------------------------------------------------------------------------------
---------------------------------------------------------------------------------
Start Final Netlist Cleanup
---------------------------------------------------------------------------------
---------------------------------------------------------------------------------
Finished Final Netlist Cleanup
---------------------------------------------------------------------------------
---------------------------------------------------------------------------------
Finished IO Insertion : Time (s): cpu = 00:01:21 ; elapsed = 00:01:25 . Memory (MB): peak = 3023.336 ; gain = 1352.070
---------------------------------------------------------------------------------
---------------------------------------------------------------------------------
Start Renaming Generated Instances
---------------------------------------------------------------------------------
---------------------------------------------------------------------------------
Finished Renaming Generated Instances : Time (s): cpu = 00:01:21 ; elapsed = 00:01:25 . Memory (MB): peak = 3023.336 ; gain = 1352.070
---------------------------------------------------------------------------------
---------------------------------------------------------------------------------
Start Rebuilding User Hierarchy
---------------------------------------------------------------------------------
---------------------------------------------------------------------------------
Finished Rebuilding User Hierarchy : Time (s): cpu = 00:01:23 ; elapsed = 00:01:27 . Memory (MB): peak = 3023.336 ; gain = 1352.070
---------------------------------------------------------------------------------
---------------------------------------------------------------------------------
Start Renaming Generated Ports
---------------------------------------------------------------------------------
---------------------------------------------------------------------------------
Finished Renaming Generated Ports : Time (s): cpu = 00:01:23 ; elapsed = 00:01:27 . Memory (MB): peak = 3023.336 ; gain = 1352.070
---------------------------------------------------------------------------------
---------------------------------------------------------------------------------
Start Handling Custom Attributes
---------------------------------------------------------------------------------
---------------------------------------------------------------------------------
Finished Handling Custom Attributes : Time (s): cpu = 00:01:23 ; elapsed = 00:01:27 . Memory (MB): peak = 3023.336 ; gain = 1352.070
---------------------------------------------------------------------------------
---------------------------------------------------------------------------------
Start Renaming Generated Nets
---------------------------------------------------------------------------------
---------------------------------------------------------------------------------
Finished Renaming Generated Nets : Time (s): cpu = 00:01:24 ; elapsed = 00:01:27 . Memory (MB): peak = 3023.336 ; gain = 1352.070
---------------------------------------------------------------------------------
---------------------------------------------------------------------------------
Start Writing Synthesis Report
---------------------------------------------------------------------------------

DSP Final Report (the ' indicates corresponding REG is set)
+------------+-------------+--------+--------+--------+--------+--------+------+------+------+------+-------+------+------+
|Module Name | DSP Mapping | A Size | B Size | C Size | D Size | P Size | AREG | BREG | CREG | DREG | ADREG | MREG | PREG | 
+------------+-------------+--------+--------+--------+--------+--------+------+------+------+------+-------+------+------+
|EstNoise    | (A'*B')'    | 30     | 18     | -      | -      | 34     | 1    | 1    | -    | -    | -     | 0    | 1    | 
|EstNoise    | (A'*B')'    | 30     | 18     | -      | -      | 34     | 1    | 1    | -    | -    | -     | 0    | 1    | 
|EstNoise    | (A'*B')'    | 30     | 18     | -      | -      | 34     | 1    | 1    | -    | -    | -     | 0    | 1    | 
|EstNoise    | (A'*B')'    | 30     | 18     | -      | -      | 34     | 1    | 1    | -    | -    | -     | 0    | 1    | 
|EstNoise    | (A'*B')'    | 30     | 18     | -      | -      | 34     | 1    | 1    | -    | -    | -     | 0    | 1    | 
|EstNoise    | (A'*B')'    | 30     | 18     | -      | -      | 34     | 1    | 1    | -    | -    | -     | 0    | 1    | 
|EstNoise    | (A'*B')'    | 30     | 18     | -      | -      | 34     | 1    | 1    | -    | -    | -     | 0    | 1    | 
|EstNoise    | (A'*B')'    | 30     | 18     | -      | -      | 34     | 1    | 1    | -    | -    | -     | 0    | 1    | 
|EstNoise    | (A'*B')'    | 30     | 18     | -      | -      | 34     | 1    | 1    | -    | -    | -     | 0    | 1    | 
|EstNoise    | (A'*B')'    | 30     | 18     | -      | -      | 34     | 1    | 1    | -    | -    | -     | 0    | 1    | 
|EstNoise    | (A'*B')'    | 30     | 18     | -      | -      | 34     | 1    | 1    | -    | -    | -     | 0    | 1    | 
|EstNoise    | (A'*B')'    | 30     | 18     | -      | -      | 34     | 1    | 1    | -    | -    | -     | 0    | 1    | 
|EstNoise    | (A'*B')'    | 30     | 18     | -      | -      | 34     | 1    | 1    | -    | -    | -     | 0    | 1    | 
|EstNoise    | (A'*B')'    | 30     | 18     | -      | -      | 34     | 1    | 1    | -    | -    | -     | 0    | 1    | 
|EstNoise    | (A'*B')'    | 30     | 18     | -      | -      | 34     | 1    | 1    | -    | -    | -     | 0    | 1    | 
|EstNoise    | (A'*B')'    | 30     | 18     | -      | -      | 34     | 1    | 1    | -    | -    | -     | 0    | 1    | 
|EstNoise    | (A'*B')'    | 30     | 18     | -      | -      | 34     | 1    | 1    | -    | -    | -     | 0    | 1    | 
|EstNoise    | (A'*B')'    | 30     | 18     | -      | -      | 34     | 1    | 1    | -    | -    | -     | 0    | 1    | 
|EstNoise    | (A'*B')'    | 30     | 18     | -      | -      | 34     | 1    | 1    | -    | -    | -     | 0    | 1    | 
|EstNoise    | (A'*B')'    | 30     | 18     | -      | -      | 34     | 1    | 1    | -    | -    | -     | 0    | 1    | 
|EstNoise    | (A'*B')'    | 30     | 18     | -      | -      | 34     | 1    | 1    | -    | -    | -     | 0    | 1    | 
|EstNoise    | (A'*B')'    | 30     | 18     | -      | -      | 34     | 1    | 1    | -    | -    | -     | 0    | 1    | 
|EstNoise    | (A'*B')'    | 30     | 18     | -      | -      | 34     | 1    | 1    | -    | -    | -     | 0    | 1    | 
|EstNoise    | (A'*B')'    | 30     | 18     | -      | -      | 34     | 1    | 1    | -    | -    | -     | 0    | 1    | 
|EstNoise    | (A'*B')'    | 30     | 18     | -      | -      | 34     | 1    | 1    | -    | -    | -     | 0    | 1    | 
|EstNoise    | (A'*B')'    | 30     | 18     | -      | -      | 34     | 1    | 1    | -    | -    | -     | 0    | 1    | 
|EstNoise    | (A'*B')'    | 30     | 18     | -      | -      | 34     | 1    | 1    | -    | -    | -     | 0    | 1    | 
|EstNoise    | (A'*B')'    | 30     | 18     | -      | -      | 34     | 1    | 1    | -    | -    | -     | 0    | 1    | 
|EstNoise    | (A'*B')'    | 30     | 18     | -      | -      | 34     | 1    | 1    | -    | -    | -     | 0    | 1    | 
|EstNoise    | (A'*B')'    | 30     | 18     | -      | -      | 34     | 1    | 1    | -    | -    | -     | 0    | 1    | 
|EstNoise    | (A'*B')'    | 30     | 18     | -      | -      | 34     | 1    | 1    | -    | -    | -     | 0    | 1    | 
|EstNoise    | (A'*B')'    | 30     | 18     | -      | -      | 34     | 1    | 1    | -    | -    | -     | 0    | 1    | 
+------------+-------------+--------+--------+--------+--------+--------+------+------+------+------+-------+------+------+


Report BlackBoxes: 
+------+-----------------+----------+
|      |BlackBox name    |Instances |
+------+-----------------+----------+
|1     |cmpy_0           |        32|
|2     |fifo_delay_tdata |         2|
+------+-----------------+----------+

Report Cell Usage: 
+------+-----------------+------+
|      |Cell             |Count |
+------+-----------------+------+
|1     |cmpy             |     1|
|2     |cmpy_0           |    31|
|33    |fifo_delay_tdata |     2|
|35    |CARRY8           |   176|
|36    |DSP_ALU          |    32|
|37    |DSP_A_B_DATA     |    32|
|38    |DSP_C_DATA       |    32|
|39    |DSP_MULTIPLIER   |    32|
|40    |DSP_M_DATA       |    32|
|41    |DSP_OUTPUT       |    32|
|42    |DSP_PREADD       |    32|
|43    |DSP_PREADD_DATA  |    32|
|44    |LUT1             |    49|
|45    |LUT2             |   935|
|46    |LUT3             |   166|
|47    |LUT4             |   942|
|48    |LUT5             |     6|
|49    |LUT6             |    18|
|50    |FDRE             |   516|
+------+-----------------+------+
---------------------------------------------------------------------------------
Finished Writing Synthesis Report : Time (s): cpu = 00:01:24 ; elapsed = 00:01:27 . Memory (MB): peak = 3023.336 ; gain = 1352.070
---------------------------------------------------------------------------------
Synthesis finished with 0 errors, 0 critical warnings and 387 warnings.
Synthesis Optimization Runtime : Time (s): cpu = 00:00:58 ; elapsed = 00:01:14 . Memory (MB): peak = 3023.336 ; gain = 1232.801
Synthesis Optimization Complete : Time (s): cpu = 00:01:24 ; elapsed = 00:01:28 . Memory (MB): peak = 3023.336 ; gain = 1352.070
INFO: [Project 1-571] Translating synthesized netlist
Netlist sorting complete. Time (s): cpu = 00:00:00 ; elapsed = 00:00:00.063 . Memory (MB): peak = 3023.336 ; gain = 0.000
INFO: [Netlist 29-17] Analyzing 208 Unisim elements for replacement
INFO: [Netlist 29-28] Unisim Transformation completed in 0 CPU seconds
WARNING: [Netlist 29-101] Netlist 'CE_128TR_EstNoise_7_0' is not ideal for floorplanning, since the cellview 'EstNoise' contains a large number of primitives.  Please consider enabling hierarchy in synthesis if you want to do floorplanning.
INFO: [Project 1-570] Preparing netlist for logic optimization
INFO: [Opt 31-138] Pushed 0 inverter(s) to 0 load pin(s).
Netlist sorting complete. Time (s): cpu = 00:00:00 ; elapsed = 00:00:00 . Memory (MB): peak = 3023.336 ; gain = 0.000
INFO: [Project 1-111] Unisim Transformation Summary:
  A total of 32 instances were transformed.
  DSP48E2 => DSP48E2 (DSP_ALU, DSP_A_B_DATA, DSP_C_DATA, DSP_MULTIPLIER, DSP_M_DATA, DSP_OUTPUT, DSP_PREADD, DSP_PREADD_DATA): 32 instances

Synth Design complete | Checksum: 87f43f36
INFO: [Common 17-83] Releasing license: Synthesis
28 Infos, 106 Warnings, 0 Critical Warnings and 0 Errors encountered.
synth_design completed successfully
synth_design: Time (s): cpu = 00:01:43 ; elapsed = 00:01:53 . Memory (MB): peak = 3023.336 ; gain = 2583.328
INFO: [Coretcl 2-1174] Renamed 4 cell refs.
Write ShapeDB Complete: Time (s): cpu = 00:00:00 ; elapsed = 00:00:00.022 . Memory (MB): peak = 3023.336 ; gain = 0.000
INFO: [Common 17-1381] The checkpoint 'E:/CE_128TR/CE_128TR.runs/CE_128TR_EstNoise_7_0_synth_1/CE_128TR_EstNoise_7_0.dcp' has been generated.
INFO: [Vivado 12-24828] Executing command : report_utilization -file CE_128TR_EstNoise_7_0_utilization_synth.rpt -pb CE_128TR_EstNoise_7_0_utilization_synth.pb
INFO: [Common 17-206] Exiting Vivado at Tue Jun 23 23:38:36 2026...
