#-----------------------------------------------------------
# xsim v2024.2 (64-bit)
# SW Build 5239630 on Fri Nov 08 22:35:27 MST 2024
# IP Build 5239520 on Sun Nov 10 16:12:51 MST 2024
# SharedData Build 5239561 on Fri Nov 08 14:39:27 MST 2024
# Start of session at: Tue Jun 23 00:40:49 2026
# Process ID         : 11096
# Current directory  : E:/CE_128TR/sim_svd
# Command line       : xsim.exe -mode tcl -source {xsim.dir/div_snap/xsim_script.tcl}
# Log file           : E:/CE_128TR/sim_svd/xsim.log
# Journal file       : E:/CE_128TR/sim_svd\xsim.jou
# Running On         : LAPTOP-55KNS8Q0
# Platform           : Windows Server 2016 or Windows 10
# Operating System   : 26200
# Processor Detail   : Intel(R) Core(TM) i5-10300H CPU @ 2.50GHz
# CPU Frequency      : 2496 MHz
# CPU Physical cores : 4
# CPU Logical cores  : 8
# Host memory        : 17002 MB
# Swap memory        : 8589 MB
# Total Virtual      : 25592 MB
# Available Virtual  : 14357 MB
#-----------------------------------------------------------
source xsim.dir/div_snap/xsim_script.tcl
# xsim {div_snap} -autoloadwcfg -tclbatch {rdiv.do}
Time resolution is 1 ps
source rdiv.do
## run all
  dd=1000 ds=1000 -> q=00010000 (1.00000) exp=1.00000
  dd=21698 ds=55062 -> q=00003270 (0.19702) exp=0.39406
  dd=9517 ds=55062 -> q=0000161f (0.08641) exp=0.17284
$finish called at time : 1675 ns : File "E:/CE_128TR/sim_svd/tb_div.sv" Line 28
## exit
INFO: [Common 17-206] Exiting xsim at Tue Jun 23 00:40:51 2026...
