
*** Running vivado
    with args -log recip_unit.vds -m64 -product Vivado -mode batch -messageDb vivado.pb -notrace -source recip_unit.tcl



****** Vivado v2024.2 (64-bit)
  **** SW Build 5239630 on Fri Nov 08 22:35:27 MST 2024
  **** IP Build 5239520 on Sun Nov 10 16:12:51 MST 2024
  **** SharedData Build 5239561 on Fri Nov 08 14:39:27 MST 2024
  **** Start of session at: Tue Jun 23 23:24:59 2026
    ** Copyright 1986-2022 Xilinx, Inc. All Rights Reserved.
    ** Copyright 2022-2024 Advanced Micro Devices, Inc. All Rights Reserved.

source recip_unit.tcl -notrace
create_project: Time (s): cpu = 00:00:05 ; elapsed = 00:00:06 . Memory (MB): peak = 381.422 ; gain = 86.406
INFO: [IP_Flow 19-6924] IPCACHE: Running cache check for IP inst: recip_unit
Command: synth_design -top recip_unit -part xczu19eg-ffvc1760-2-i -incremental_mode off -mode out_of_context
Starting synth_design
Attempting to get a license for feature 'Synthesis' and/or device 'xczu19eg'
INFO: [Common 17-349] Got license for feature 'Synthesis' and/or device 'xczu19eg'
INFO: [Device 21-403] Loading part xczu19eg-ffvc1760-2-i
INFO: [Synth 8-7079] Multithreading enabled for synth_design using a maximum of 2 processes.
INFO: [Synth 8-7078] Launching helper process for spawning children vivado processes
INFO: [Synth 8-7075] Helper process launched with PID 15832
---------------------------------------------------------------------------------
Starting RTL Elaboration : Time (s): cpu = 00:00:17 ; elapsed = 00:00:18 . Memory (MB): peak = 1870.969 ; gain = 201.211
---------------------------------------------------------------------------------
INFO: [Synth 8-638] synthesizing module 'recip_unit' [e:/CE_128TR/CE_128TR.gen/sources_1/ip/recip_unit/synth/recip_unit.vhd:72]
	Parameter C_XDEVICEFAMILY bound to: zynquplus - type: string 
	Parameter C_HAS_ARESETN bound to: 1 - type: integer 
	Parameter C_HAS_ACLKEN bound to: 0 - type: integer 
	Parameter C_LATENCY bound to: 49 - type: integer 
	Parameter ALGORITHM_TYPE bound to: 1 - type: integer 
	Parameter DIVISOR_WIDTH bound to: 24 - type: integer 
	Parameter DIVIDEND_WIDTH bound to: 27 - type: integer 
	Parameter SIGNED_B bound to: 1 - type: integer 
	Parameter DIVCLK_SEL bound to: 1 - type: integer 
	Parameter FRACTIONAL_B bound to: 1 - type: integer 
	Parameter FRACTIONAL_WIDTH bound to: 18 - type: integer 
	Parameter C_HAS_DIV_BY_ZERO bound to: 0 - type: integer 
	Parameter C_THROTTLE_SCHEME bound to: 3 - type: integer 
	Parameter C_TLAST_RESOLUTION bound to: 0 - type: integer 
	Parameter C_HAS_S_AXIS_DIVISOR_TUSER bound to: 0 - type: integer 
	Parameter C_HAS_S_AXIS_DIVISOR_TLAST bound to: 0 - type: integer 
	Parameter C_S_AXIS_DIVISOR_TDATA_WIDTH bound to: 24 - type: integer 
	Parameter C_S_AXIS_DIVISOR_TUSER_WIDTH bound to: 1 - type: integer 
	Parameter C_HAS_S_AXIS_DIVIDEND_TUSER bound to: 0 - type: integer 
	Parameter C_HAS_S_AXIS_DIVIDEND_TLAST bound to: 0 - type: integer 
	Parameter C_S_AXIS_DIVIDEND_TDATA_WIDTH bound to: 32 - type: integer 
	Parameter C_S_AXIS_DIVIDEND_TUSER_WIDTH bound to: 1 - type: integer 
	Parameter C_M_AXIS_DOUT_TDATA_WIDTH bound to: 48 - type: integer 
	Parameter C_M_AXIS_DOUT_TUSER_WIDTH bound to: 1 - type: integer 
INFO: [Synth 8-3491] module 'div_gen_v5_1_23' declared at 'e:/CE_128TR/CE_128TR.gen/sources_1/ip/recip_unit/hdl/div_gen_v5_1_vh_rfs.vhd:12886' bound to instance 'U0' of component 'div_gen_v5_1_23' [e:/CE_128TR/CE_128TR.gen/sources_1/ip/recip_unit/synth/recip_unit.vhd:152]
INFO: [Synth 8-256] done synthesizing module 'recip_unit' (0#1) [e:/CE_128TR/CE_128TR.gen/sources_1/ip/recip_unit/synth/recip_unit.vhd:72]
WARNING: [Synth 8-7129] Port ce in module c_twos_comp_viv__parameterized2 is either unconnected or has no load
WARNING: [Synth 8-7129] Port aclr in module c_twos_comp_viv__parameterized2 is either unconnected or has no load
WARNING: [Synth 8-7129] Port aset in module c_twos_comp_viv__parameterized2 is either unconnected or has no load
WARNING: [Synth 8-7129] Port ainit in module c_twos_comp_viv__parameterized2 is either unconnected or has no load
WARNING: [Synth 8-7129] Port sset in module c_twos_comp_viv__parameterized2 is either unconnected or has no load
WARNING: [Synth 8-7129] Port sinit in module c_twos_comp_viv__parameterized2 is either unconnected or has no load
WARNING: [Synth 8-7129] Port ce in module c_twos_comp_viv__parameterized1 is either unconnected or has no load
WARNING: [Synth 8-7129] Port aclr in module c_twos_comp_viv__parameterized1 is either unconnected or has no load
WARNING: [Synth 8-7129] Port aset in module c_twos_comp_viv__parameterized1 is either unconnected or has no load
WARNING: [Synth 8-7129] Port ainit in module c_twos_comp_viv__parameterized1 is either unconnected or has no load
WARNING: [Synth 8-7129] Port sset in module c_twos_comp_viv__parameterized1 is either unconnected or has no load
WARNING: [Synth 8-7129] Port sinit in module c_twos_comp_viv__parameterized1 is either unconnected or has no load
WARNING: [Synth 8-7129] Port CE in module xbip_pipe_v3_0_10_viv__parameterized112 is either unconnected or has no load
WARNING: [Synth 8-7129] Port SSET in module xbip_pipe_v3_0_10_viv__parameterized112 is either unconnected or has no load
WARNING: [Synth 8-7129] Port SINIT in module xbip_pipe_v3_0_10_viv__parameterized112 is either unconnected or has no load
WARNING: [Synth 8-7129] Port CE in module xbip_pipe_v3_0_10_viv__parameterized152 is either unconnected or has no load
WARNING: [Synth 8-7129] Port SSET in module xbip_pipe_v3_0_10_viv__parameterized152 is either unconnected or has no load
WARNING: [Synth 8-7129] Port SINIT in module xbip_pipe_v3_0_10_viv__parameterized152 is either unconnected or has no load
WARNING: [Synth 8-7129] Port CE in module xbip_pipe_v3_0_10_viv__parameterized7 is either unconnected or has no load
WARNING: [Synth 8-7129] Port SCLR in module xbip_pipe_v3_0_10_viv__parameterized7 is either unconnected or has no load
WARNING: [Synth 8-7129] Port SSET in module xbip_pipe_v3_0_10_viv__parameterized7 is either unconnected or has no load
WARNING: [Synth 8-7129] Port CE in module xbip_pipe_v3_0_10_viv__parameterized150 is either unconnected or has no load
WARNING: [Synth 8-7129] Port SCLR in module xbip_pipe_v3_0_10_viv__parameterized150 is either unconnected or has no load
WARNING: [Synth 8-7129] Port SINIT in module xbip_pipe_v3_0_10_viv__parameterized150 is either unconnected or has no load
WARNING: [Synth 8-7129] Port CE in module xbip_pipe_v3_0_10_viv__parameterized11 is either unconnected or has no load
WARNING: [Synth 8-7129] Port SCLR in module xbip_pipe_v3_0_10_viv__parameterized11 is either unconnected or has no load
WARNING: [Synth 8-7129] Port SINIT in module xbip_pipe_v3_0_10_viv__parameterized11 is either unconnected or has no load
WARNING: [Synth 8-7129] Port CE in module xbip_pipe_v3_0_10_viv__parameterized9 is either unconnected or has no load
WARNING: [Synth 8-7129] Port SCLR in module xbip_pipe_v3_0_10_viv__parameterized9 is either unconnected or has no load
WARNING: [Synth 8-7129] Port SINIT in module xbip_pipe_v3_0_10_viv__parameterized9 is either unconnected or has no load
WARNING: [Synth 8-7129] Port c_out in module c_addsub_lut6 is either unconnected or has no load
WARNING: [Synth 8-7129] Port ce in module c_addsub_lut6 is either unconnected or has no load
WARNING: [Synth 8-7129] Port bypass in module c_addsub_lut6 is either unconnected or has no load
WARNING: [Synth 8-7129] Port aclr in module c_addsub_lut6 is either unconnected or has no load
WARNING: [Synth 8-7129] Port aset in module c_addsub_lut6 is either unconnected or has no load
WARNING: [Synth 8-7129] Port ainit in module c_addsub_lut6 is either unconnected or has no load
WARNING: [Synth 8-7129] Port sclr in module c_addsub_lut6 is either unconnected or has no load
WARNING: [Synth 8-7129] Port sinit in module c_addsub_lut6 is either unconnected or has no load
WARNING: [Synth 8-7129] Port b_in in module c_addsub_viv is either unconnected or has no load
WARNING: [Synth 8-7129] Port a_signed in module c_addsub_viv is either unconnected or has no load
WARNING: [Synth 8-7129] Port b_signed in module c_addsub_viv is either unconnected or has no load
WARNING: [Synth 8-7129] Port CE in module xbip_pipe_v3_0_10_viv__parameterized148 is either unconnected or has no load
WARNING: [Synth 8-7129] Port SCLR in module xbip_pipe_v3_0_10_viv__parameterized148 is either unconnected or has no load
WARNING: [Synth 8-7129] Port SINIT in module xbip_pipe_v3_0_10_viv__parameterized148 is either unconnected or has no load
WARNING: [Synth 8-7129] Port CE in module xbip_pipe_v3_0_10_viv__parameterized146 is either unconnected or has no load
WARNING: [Synth 8-7129] Port SCLR in module xbip_pipe_v3_0_10_viv__parameterized146 is either unconnected or has no load
WARNING: [Synth 8-7129] Port SINIT in module xbip_pipe_v3_0_10_viv__parameterized146 is either unconnected or has no load
WARNING: [Synth 8-7129] Port CE in module xbip_pipe_v3_0_10_viv__parameterized144 is either unconnected or has no load
WARNING: [Synth 8-7129] Port SCLR in module xbip_pipe_v3_0_10_viv__parameterized144 is either unconnected or has no load
WARNING: [Synth 8-7129] Port SINIT in module xbip_pipe_v3_0_10_viv__parameterized144 is either unconnected or has no load
WARNING: [Synth 8-7129] Port CE in module xbip_pipe_v3_0_10_viv__parameterized142 is either unconnected or has no load
WARNING: [Synth 8-7129] Port SCLR in module xbip_pipe_v3_0_10_viv__parameterized142 is either unconnected or has no load
WARNING: [Synth 8-7129] Port SINIT in module xbip_pipe_v3_0_10_viv__parameterized142 is either unconnected or has no load
WARNING: [Synth 8-7129] Port CE in module xbip_pipe_v3_0_10_viv__parameterized140 is either unconnected or has no load
WARNING: [Synth 8-7129] Port SCLR in module xbip_pipe_v3_0_10_viv__parameterized140 is either unconnected or has no load
WARNING: [Synth 8-7129] Port SINIT in module xbip_pipe_v3_0_10_viv__parameterized140 is either unconnected or has no load
WARNING: [Synth 8-7129] Port CE in module xbip_pipe_v3_0_10_viv__parameterized138 is either unconnected or has no load
WARNING: [Synth 8-7129] Port SCLR in module xbip_pipe_v3_0_10_viv__parameterized138 is either unconnected or has no load
WARNING: [Synth 8-7129] Port SINIT in module xbip_pipe_v3_0_10_viv__parameterized138 is either unconnected or has no load
WARNING: [Synth 8-7129] Port CE in module xbip_pipe_v3_0_10_viv__parameterized136 is either unconnected or has no load
WARNING: [Synth 8-7129] Port SCLR in module xbip_pipe_v3_0_10_viv__parameterized136 is either unconnected or has no load
WARNING: [Synth 8-7129] Port SINIT in module xbip_pipe_v3_0_10_viv__parameterized136 is either unconnected or has no load
WARNING: [Synth 8-7129] Port CE in module xbip_pipe_v3_0_10_viv__parameterized134 is either unconnected or has no load
WARNING: [Synth 8-7129] Port SCLR in module xbip_pipe_v3_0_10_viv__parameterized134 is either unconnected or has no load
WARNING: [Synth 8-7129] Port SINIT in module xbip_pipe_v3_0_10_viv__parameterized134 is either unconnected or has no load
WARNING: [Synth 8-7129] Port CE in module xbip_pipe_v3_0_10_viv__parameterized132 is either unconnected or has no load
WARNING: [Synth 8-7129] Port SCLR in module xbip_pipe_v3_0_10_viv__parameterized132 is either unconnected or has no load
WARNING: [Synth 8-7129] Port SINIT in module xbip_pipe_v3_0_10_viv__parameterized132 is either unconnected or has no load
WARNING: [Synth 8-7129] Port CE in module xbip_pipe_v3_0_10_viv__parameterized130 is either unconnected or has no load
WARNING: [Synth 8-7129] Port SCLR in module xbip_pipe_v3_0_10_viv__parameterized130 is either unconnected or has no load
WARNING: [Synth 8-7129] Port SINIT in module xbip_pipe_v3_0_10_viv__parameterized130 is either unconnected or has no load
WARNING: [Synth 8-7129] Port CE in module xbip_pipe_v3_0_10_viv__parameterized128 is either unconnected or has no load
WARNING: [Synth 8-7129] Port SCLR in module xbip_pipe_v3_0_10_viv__parameterized128 is either unconnected or has no load
WARNING: [Synth 8-7129] Port SINIT in module xbip_pipe_v3_0_10_viv__parameterized128 is either unconnected or has no load
WARNING: [Synth 8-7129] Port CE in module xbip_pipe_v3_0_10_viv__parameterized126 is either unconnected or has no load
WARNING: [Synth 8-7129] Port SCLR in module xbip_pipe_v3_0_10_viv__parameterized126 is either unconnected or has no load
WARNING: [Synth 8-7129] Port SINIT in module xbip_pipe_v3_0_10_viv__parameterized126 is either unconnected or has no load
WARNING: [Synth 8-7129] Port CE in module xbip_pipe_v3_0_10_viv__parameterized124 is either unconnected or has no load
WARNING: [Synth 8-7129] Port SCLR in module xbip_pipe_v3_0_10_viv__parameterized124 is either unconnected or has no load
WARNING: [Synth 8-7129] Port SINIT in module xbip_pipe_v3_0_10_viv__parameterized124 is either unconnected or has no load
WARNING: [Synth 8-7129] Port CE in module xbip_pipe_v3_0_10_viv__parameterized122 is either unconnected or has no load
WARNING: [Synth 8-7129] Port SCLR in module xbip_pipe_v3_0_10_viv__parameterized122 is either unconnected or has no load
WARNING: [Synth 8-7129] Port SINIT in module xbip_pipe_v3_0_10_viv__parameterized122 is either unconnected or has no load
WARNING: [Synth 8-7129] Port CE in module xbip_pipe_v3_0_10_viv__parameterized120 is either unconnected or has no load
WARNING: [Synth 8-7129] Port SCLR in module xbip_pipe_v3_0_10_viv__parameterized120 is either unconnected or has no load
WARNING: [Synth 8-7129] Port SINIT in module xbip_pipe_v3_0_10_viv__parameterized120 is either unconnected or has no load
WARNING: [Synth 8-7129] Port CE in module xbip_pipe_v3_0_10_viv__parameterized118 is either unconnected or has no load
WARNING: [Synth 8-7129] Port SCLR in module xbip_pipe_v3_0_10_viv__parameterized118 is either unconnected or has no load
WARNING: [Synth 8-7129] Port SINIT in module xbip_pipe_v3_0_10_viv__parameterized118 is either unconnected or has no load
WARNING: [Synth 8-7129] Port CE in module xbip_pipe_v3_0_10_viv__parameterized116 is either unconnected or has no load
WARNING: [Synth 8-7129] Port SCLR in module xbip_pipe_v3_0_10_viv__parameterized116 is either unconnected or has no load
WARNING: [Synth 8-7129] Port SINIT in module xbip_pipe_v3_0_10_viv__parameterized116 is either unconnected or has no load
WARNING: [Synth 8-7129] Port CE in module xbip_pipe_v3_0_10_viv__parameterized114 is either unconnected or has no load
WARNING: [Synth 8-7129] Port SCLR in module xbip_pipe_v3_0_10_viv__parameterized114 is either unconnected or has no load
WARNING: [Synth 8-7129] Port SINIT in module xbip_pipe_v3_0_10_viv__parameterized114 is either unconnected or has no load
WARNING: [Synth 8-7129] Port CE in module xbip_pipe_v3_0_10_viv__parameterized109 is either unconnected or has no load
WARNING: [Synth 8-7129] Port SSET in module xbip_pipe_v3_0_10_viv__parameterized109 is either unconnected or has no load
WARNING: [Synth 8-7129] Port SINIT in module xbip_pipe_v3_0_10_viv__parameterized109 is either unconnected or has no load
WARNING: [Synth 8-7129] Port CE in module xbip_pipe_v3_0_10_viv__parameterized107 is either unconnected or has no load
WARNING: [Synth 8-7129] Port SCLR in module xbip_pipe_v3_0_10_viv__parameterized107 is either unconnected or has no load
INFO: [Common 17-14] Message 'Synth 8-7129' appears 100 times and further instances of the messages will be disabled. Use the Tcl command set_msg_config to change the current settings.
---------------------------------------------------------------------------------
Finished RTL Elaboration : Time (s): cpu = 00:00:26 ; elapsed = 00:00:29 . Memory (MB): peak = 2066.516 ; gain = 396.758
---------------------------------------------------------------------------------
---------------------------------------------------------------------------------
Start Handling Custom Attributes
---------------------------------------------------------------------------------
---------------------------------------------------------------------------------
Finished Handling Custom Attributes : Time (s): cpu = 00:00:26 ; elapsed = 00:00:29 . Memory (MB): peak = 2066.516 ; gain = 396.758
---------------------------------------------------------------------------------
---------------------------------------------------------------------------------
Finished RTL Optimization Phase 1 : Time (s): cpu = 00:00:26 ; elapsed = 00:00:29 . Memory (MB): peak = 2066.516 ; gain = 396.758
---------------------------------------------------------------------------------
Netlist sorting complete. Time (s): cpu = 00:00:00 ; elapsed = 00:00:00.187 . Memory (MB): peak = 2066.516 ; gain = 0.000
INFO: [Netlist 29-17] Analyzing 2250 Unisim elements for replacement
INFO: [Netlist 29-28] Unisim Transformation completed in 0 CPU seconds
INFO: [Project 1-570] Preparing netlist for logic optimization

Processing XDC Constraints
Initializing timing engine
Parsing XDC File [e:/CE_128TR/CE_128TR.gen/sources_1/ip/recip_unit/recip_unit_ooc.xdc] for cell 'U0'
create_clock: Time (s): cpu = 00:00:11 ; elapsed = 00:00:12 . Memory (MB): peak = 2187.512 ; gain = 0.645
Finished Parsing XDC File [e:/CE_128TR/CE_128TR.gen/sources_1/ip/recip_unit/recip_unit_ooc.xdc] for cell 'U0'
Parsing XDC File [E:/CE_128TR/CE_128TR.runs/recip_unit_synth_1/dont_touch.xdc]
Finished Parsing XDC File [E:/CE_128TR/CE_128TR.runs/recip_unit_synth_1/dont_touch.xdc]
Completed Processing XDC Constraints

Netlist sorting complete. Time (s): cpu = 00:00:00 ; elapsed = 00:00:00.003 . Memory (MB): peak = 2187.512 ; gain = 0.000
INFO: [Project 1-111] Unisim Transformation Summary:
No Unisim elements were transformed.

Constraint Validation Runtime : Time (s): cpu = 00:00:00 ; elapsed = 00:00:00.200 . Memory (MB): peak = 2187.512 ; gain = 0.000
INFO: [Designutils 20-5008] Incremental synthesis strategy off
---------------------------------------------------------------------------------
Finished Constraint Validation : Time (s): cpu = 00:00:55 ; elapsed = 00:01:01 . Memory (MB): peak = 2187.512 ; gain = 517.754
---------------------------------------------------------------------------------
---------------------------------------------------------------------------------
Start Loading Part and Timing Information
---------------------------------------------------------------------------------
Loading part: xczu19eg-ffvc1760-2-i
INFO: [Synth 8-6742] Reading net delay rules and data
---------------------------------------------------------------------------------
Finished Loading Part and Timing Information : Time (s): cpu = 00:00:55 ; elapsed = 00:01:01 . Memory (MB): peak = 2187.512 ; gain = 517.754
---------------------------------------------------------------------------------
---------------------------------------------------------------------------------
Start Applying 'set_property' XDC Constraints
---------------------------------------------------------------------------------
Applied set_property KEEP_HIERARCHY = SOFT for U0. (constraint file  E:/CE_128TR/CE_128TR.runs/recip_unit_synth_1/dont_touch.xdc, line 9).
---------------------------------------------------------------------------------
Finished applying 'set_property' XDC Constraints : Time (s): cpu = 00:00:55 ; elapsed = 00:01:01 . Memory (MB): peak = 2187.512 ; gain = 517.754
---------------------------------------------------------------------------------
---------------------------------------------------------------------------------
Finished RTL Optimization Phase 2 : Time (s): cpu = 00:00:57 ; elapsed = 00:01:03 . Memory (MB): peak = 2187.512 ; gain = 517.754
---------------------------------------------------------------------------------
---------------------------------------------------------------------------------
Start RTL Component Statistics 
---------------------------------------------------------------------------------
---------------------------------------------------------------------------------
Finished RTL Component Statistics 
---------------------------------------------------------------------------------
---------------------------------------------------------------------------------
Start Part Resource Summary
---------------------------------------------------------------------------------
Part Resources:
DSPs: 1968 (col length:264)
BRAMs: 1968 (col length: RAMB18 264 RAMB36 132)
---------------------------------------------------------------------------------
Finished Part Resource Summary
---------------------------------------------------------------------------------
---------------------------------------------------------------------------------
Start Cross Boundary and Area Optimization
---------------------------------------------------------------------------------
WARNING: [Synth 8-7080] Parallel synthesis criteria is not met
---------------------------------------------------------------------------------
Finished Cross Boundary and Area Optimization : Time (s): cpu = 00:01:03 ; elapsed = 00:01:09 . Memory (MB): peak = 2187.512 ; gain = 517.754
---------------------------------------------------------------------------------
---------------------------------------------------------------------------------
Start Applying XDC Timing Constraints
---------------------------------------------------------------------------------
---------------------------------------------------------------------------------
Finished Applying XDC Timing Constraints : Time (s): cpu = 00:01:24 ; elapsed = 00:01:32 . Memory (MB): peak = 2772.816 ; gain = 1103.059
---------------------------------------------------------------------------------
---------------------------------------------------------------------------------
Start Timing Optimization
---------------------------------------------------------------------------------
---------------------------------------------------------------------------------
Finished Timing Optimization : Time (s): cpu = 00:01:26 ; elapsed = 00:01:33 . Memory (MB): peak = 2792.355 ; gain = 1122.598
---------------------------------------------------------------------------------
---------------------------------------------------------------------------------
Start Technology Mapping
---------------------------------------------------------------------------------
---------------------------------------------------------------------------------
Finished Technology Mapping : Time (s): cpu = 00:01:28 ; elapsed = 00:01:36 . Memory (MB): peak = 2804.426 ; gain = 1134.668
---------------------------------------------------------------------------------
---------------------------------------------------------------------------------
Start IO Insertion
---------------------------------------------------------------------------------
---------------------------------------------------------------------------------
Start Flattening Before IO Insertion
---------------------------------------------------------------------------------
---------------------------------------------------------------------------------
Finished Flattening Before IO Insertion
---------------------------------------------------------------------------------
---------------------------------------------------------------------------------
Start Final Netlist Cleanup
---------------------------------------------------------------------------------
---------------------------------------------------------------------------------
Finished Final Netlist Cleanup
---------------------------------------------------------------------------------
---------------------------------------------------------------------------------
Finished IO Insertion : Time (s): cpu = 00:01:36 ; elapsed = 00:01:44 . Memory (MB): peak = 3010.668 ; gain = 1340.910
---------------------------------------------------------------------------------
---------------------------------------------------------------------------------
Start Renaming Generated Instances
---------------------------------------------------------------------------------
---------------------------------------------------------------------------------
Finished Renaming Generated Instances : Time (s): cpu = 00:01:36 ; elapsed = 00:01:44 . Memory (MB): peak = 3010.668 ; gain = 1340.910
---------------------------------------------------------------------------------
---------------------------------------------------------------------------------
Start Rebuilding User Hierarchy
---------------------------------------------------------------------------------
---------------------------------------------------------------------------------
Finished Rebuilding User Hierarchy : Time (s): cpu = 00:01:38 ; elapsed = 00:01:46 . Memory (MB): peak = 3010.668 ; gain = 1340.910
---------------------------------------------------------------------------------
---------------------------------------------------------------------------------
Start Renaming Generated Ports
---------------------------------------------------------------------------------
---------------------------------------------------------------------------------
Finished Renaming Generated Ports : Time (s): cpu = 00:01:39 ; elapsed = 00:01:46 . Memory (MB): peak = 3010.668 ; gain = 1340.910
---------------------------------------------------------------------------------
---------------------------------------------------------------------------------
Start Handling Custom Attributes
---------------------------------------------------------------------------------
---------------------------------------------------------------------------------
Finished Handling Custom Attributes : Time (s): cpu = 00:01:39 ; elapsed = 00:01:47 . Memory (MB): peak = 3010.668 ; gain = 1340.910
---------------------------------------------------------------------------------
---------------------------------------------------------------------------------
Start Renaming Generated Nets
---------------------------------------------------------------------------------
---------------------------------------------------------------------------------
Finished Renaming Generated Nets : Time (s): cpu = 00:01:39 ; elapsed = 00:01:47 . Memory (MB): peak = 3010.668 ; gain = 1340.910
---------------------------------------------------------------------------------
---------------------------------------------------------------------------------
Start Writing Synthesis Report
---------------------------------------------------------------------------------

Report BlackBoxes: 
+-+--------------+----------+
| |BlackBox name |Instances |
+-+--------------+----------+
+-+--------------+----------+

Report Cell Usage: 
+------+--------+------+
|      |Cell    |Count |
+------+--------+------+
|1     |CARRY8  |    14|
|2     |LUT1    |   117|
|3     |LUT2    |   160|
|4     |LUT3    |  1082|
|5     |MUXCY   |  1125|
|6     |SRLC32E |     6|
|7     |XORCY   |  1125|
|8     |FDRE    |  1634|
|9     |FDSE    |  2252|
+------+--------+------+
---------------------------------------------------------------------------------
Finished Writing Synthesis Report : Time (s): cpu = 00:01:39 ; elapsed = 00:01:47 . Memory (MB): peak = 3010.668 ; gain = 1340.910
---------------------------------------------------------------------------------
Synthesis finished with 0 errors, 0 critical warnings and 18 warnings.
Synthesis Optimization Runtime : Time (s): cpu = 00:00:57 ; elapsed = 00:01:30 . Memory (MB): peak = 3010.668 ; gain = 1219.914
Synthesis Optimization Complete : Time (s): cpu = 00:01:40 ; elapsed = 00:01:48 . Memory (MB): peak = 3010.668 ; gain = 1340.910
INFO: [Project 1-571] Translating synthesized netlist
Netlist sorting complete. Time (s): cpu = 00:00:00 ; elapsed = 00:00:00.166 . Memory (MB): peak = 3010.668 ; gain = 0.000
INFO: [Netlist 29-17] Analyzing 2264 Unisim elements for replacement
INFO: [Netlist 29-28] Unisim Transformation completed in 0 CPU seconds
INFO: [Project 1-570] Preparing netlist for logic optimization
INFO: [Opt 31-138] Pushed 0 inverter(s) to 0 load pin(s).
Netlist sorting complete. Time (s): cpu = 00:00:00 ; elapsed = 00:00:00.005 . Memory (MB): peak = 3010.668 ; gain = 0.000
INFO: [Project 1-111] Unisim Transformation Summary:
  A total of 180 instances were transformed.
  (CARRY4) => CARRY8: 180 instances

Synth Design complete | Checksum: 902005be
INFO: [Common 17-83] Releasing license: Synthesis
23 Infos, 101 Warnings, 0 Critical Warnings and 0 Errors encountered.
synth_design completed successfully
synth_design: Time (s): cpu = 00:02:18 ; elapsed = 00:02:31 . Memory (MB): peak = 3010.668 ; gain = 2570.531
Write ShapeDB Complete: Time (s): cpu = 00:00:00 ; elapsed = 00:00:00.025 . Memory (MB): peak = 3010.668 ; gain = 0.000
INFO: [Common 17-1381] The checkpoint 'E:/CE_128TR/CE_128TR.runs/recip_unit_synth_1/recip_unit.dcp' has been generated.
INFO: [Coretcl 2-1648] Added synthesis output to IP cache for IP recip_unit, cache-ID = 42faf627b09de164
INFO: [Coretcl 2-1174] Renamed 405 cell refs.
Write ShapeDB Complete: Time (s): cpu = 00:00:00 ; elapsed = 00:00:00.016 . Memory (MB): peak = 3010.668 ; gain = 0.000
INFO: [Common 17-1381] The checkpoint 'E:/CE_128TR/CE_128TR.runs/recip_unit_synth_1/recip_unit.dcp' has been generated.
INFO: [Vivado 12-24828] Executing command : report_utilization -file recip_unit_utilization_synth.rpt -pb recip_unit_utilization_synth.pb
INFO: [Common 17-206] Exiting Vivado at Tue Jun 23 23:28:01 2026...
