
*** Running vivado
    with args -log div_31.vds -m64 -product Vivado -mode batch -messageDb vivado.pb -notrace -source div_31.tcl



****** Vivado v2024.2 (64-bit)
  **** SW Build 5239630 on Fri Nov 08 22:35:27 MST 2024
  **** IP Build 5239520 on Sun Nov 10 16:12:51 MST 2024
  **** SharedData Build 5239561 on Fri Nov 08 14:39:27 MST 2024
  **** Start of session at: Tue Jun 23 23:24:01 2026
    ** Copyright 1986-2022 Xilinx, Inc. All Rights Reserved.
    ** Copyright 2022-2024 Advanced Micro Devices, Inc. All Rights Reserved.

source div_31.tcl -notrace
create_project: Time (s): cpu = 00:00:04 ; elapsed = 00:00:05 . Memory (MB): peak = 381.352 ; gain = 87.055
INFO: [IP_Flow 19-6924] IPCACHE: Running cache check for IP inst: div_31
Command: synth_design -top div_31 -part xczu19eg-ffvc1760-2-i -incremental_mode off -mode out_of_context
Starting synth_design
Attempting to get a license for feature 'Synthesis' and/or device 'xczu19eg'
INFO: [Common 17-349] Got license for feature 'Synthesis' and/or device 'xczu19eg'
INFO: [Device 21-403] Loading part xczu19eg-ffvc1760-2-i
INFO: [Synth 8-7079] Multithreading enabled for synth_design using a maximum of 2 processes.
INFO: [Synth 8-7078] Launching helper process for spawning children vivado processes
INFO: [Synth 8-7075] Helper process launched with PID 11192
---------------------------------------------------------------------------------
Starting RTL Elaboration : Time (s): cpu = 00:00:19 ; elapsed = 00:00:20 . Memory (MB): peak = 1869.719 ; gain = 201.742
---------------------------------------------------------------------------------
INFO: [Synth 8-638] synthesizing module 'div_31' [e:/CE_128TR/CE_128TR.gen/sources_1/ip/div_31/synth/div_31.vhd:71]
	Parameter C_XDEVICEFAMILY bound to: zynquplus - type: string 
	Parameter C_HAS_ARESETN bound to: 0 - type: integer 
	Parameter C_HAS_ACLKEN bound to: 0 - type: integer 
	Parameter C_LATENCY bound to: 8 - type: integer 
	Parameter ALGORITHM_TYPE bound to: 4 - type: integer 
	Parameter DIVISOR_WIDTH bound to: 5 - type: integer 
	Parameter DIVIDEND_WIDTH bound to: 16 - type: integer 
	Parameter SIGNED_B bound to: 0 - type: integer 
	Parameter DIVCLK_SEL bound to: 1 - type: integer 
	Parameter FRACTIONAL_B bound to: 0 - type: integer 
	Parameter FRACTIONAL_WIDTH bound to: 5 - type: integer 
	Parameter C_HAS_DIV_BY_ZERO bound to: 0 - type: integer 
	Parameter C_THROTTLE_SCHEME bound to: 3 - type: integer 
	Parameter C_TLAST_RESOLUTION bound to: 0 - type: integer 
	Parameter C_HAS_S_AXIS_DIVISOR_TUSER bound to: 0 - type: integer 
	Parameter C_HAS_S_AXIS_DIVISOR_TLAST bound to: 0 - type: integer 
	Parameter C_S_AXIS_DIVISOR_TDATA_WIDTH bound to: 8 - type: integer 
	Parameter C_S_AXIS_DIVISOR_TUSER_WIDTH bound to: 1 - type: integer 
	Parameter C_HAS_S_AXIS_DIVIDEND_TUSER bound to: 0 - type: integer 
	Parameter C_HAS_S_AXIS_DIVIDEND_TLAST bound to: 0 - type: integer 
	Parameter C_S_AXIS_DIVIDEND_TDATA_WIDTH bound to: 16 - type: integer 
	Parameter C_S_AXIS_DIVIDEND_TUSER_WIDTH bound to: 1 - type: integer 
	Parameter C_M_AXIS_DOUT_TDATA_WIDTH bound to: 24 - type: integer 
	Parameter C_M_AXIS_DOUT_TUSER_WIDTH bound to: 1 - type: integer 
INFO: [Synth 8-3491] module 'div_gen_v5_1_23' declared at 'e:/CE_128TR/CE_128TR.gen/sources_1/ip/div_31/hdl/div_gen_v5_1_vh_rfs.vhd:12886' bound to instance 'U0' of component 'div_gen_v5_1_23' [e:/CE_128TR/CE_128TR.gen/sources_1/ip/div_31/synth/div_31.vhd:148]
INFO: [Synth 8-256] done synthesizing module 'div_31' (0#1) [e:/CE_128TR/CE_128TR.gen/sources_1/ip/div_31/synth/div_31.vhd:71]
WARNING: [Synth 8-7129] Port CE in module xbip_pipe_v3_0_10_viv__parameterized9 is either unconnected or has no load
WARNING: [Synth 8-7129] Port SCLR in module xbip_pipe_v3_0_10_viv__parameterized9 is either unconnected or has no load
WARNING: [Synth 8-7129] Port SSET in module xbip_pipe_v3_0_10_viv__parameterized9 is either unconnected or has no load
WARNING: [Synth 8-7129] Port SINIT in module xbip_pipe_v3_0_10_viv__parameterized9 is either unconnected or has no load
WARNING: [Synth 8-7129] Port CE in module xbip_pipe_v3_0_10_viv__parameterized7 is either unconnected or has no load
WARNING: [Synth 8-7129] Port SCLR in module xbip_pipe_v3_0_10_viv__parameterized7 is either unconnected or has no load
WARNING: [Synth 8-7129] Port SSET in module xbip_pipe_v3_0_10_viv__parameterized7 is either unconnected or has no load
WARNING: [Synth 8-7129] Port SINIT in module xbip_pipe_v3_0_10_viv__parameterized7 is either unconnected or has no load
WARNING: [Synth 8-7129] Port CE in module xbip_pipe_v3_0_10_viv__parameterized5 is either unconnected or has no load
WARNING: [Synth 8-7129] Port SCLR in module xbip_pipe_v3_0_10_viv__parameterized5 is either unconnected or has no load
WARNING: [Synth 8-7129] Port SSET in module xbip_pipe_v3_0_10_viv__parameterized5 is either unconnected or has no load
WARNING: [Synth 8-7129] Port SINIT in module xbip_pipe_v3_0_10_viv__parameterized5 is either unconnected or has no load
WARNING: [Synth 8-7129] Port CE in module xbip_pipe_v3_0_10_viv__parameterized3 is either unconnected or has no load
WARNING: [Synth 8-7129] Port SCLR in module xbip_pipe_v3_0_10_viv__parameterized3 is either unconnected or has no load
WARNING: [Synth 8-7129] Port SSET in module xbip_pipe_v3_0_10_viv__parameterized3 is either unconnected or has no load
WARNING: [Synth 8-7129] Port SINIT in module xbip_pipe_v3_0_10_viv__parameterized3 is either unconnected or has no load
WARNING: [Synth 8-7129] Port CE in module xbip_pipe_v3_0_10_viv__parameterized1 is either unconnected or has no load
WARNING: [Synth 8-7129] Port SCLR in module xbip_pipe_v3_0_10_viv__parameterized1 is either unconnected or has no load
WARNING: [Synth 8-7129] Port SSET in module xbip_pipe_v3_0_10_viv__parameterized1 is either unconnected or has no load
WARNING: [Synth 8-7129] Port SINIT in module xbip_pipe_v3_0_10_viv__parameterized1 is either unconnected or has no load
WARNING: [Synth 8-7129] Port CE in module div_gen_synth is either unconnected or has no load
WARNING: [Synth 8-7129] Port SCLR in module div_gen_synth is either unconnected or has no load
WARNING: [Synth 8-7129] Port ND in module div_gen_synth is either unconnected or has no load
WARNING: [Synth 8-7129] Port SCLR in module xbip_pipe_v3_0_10_viv is either unconnected or has no load
WARNING: [Synth 8-7129] Port SSET in module xbip_pipe_v3_0_10_viv is either unconnected or has no load
WARNING: [Synth 8-7129] Port SINIT in module xbip_pipe_v3_0_10_viv is either unconnected or has no load
WARNING: [Synth 8-7129] Port aclken in module div_gen_v5_1_23_viv is either unconnected or has no load
WARNING: [Synth 8-7129] Port aresetn in module div_gen_v5_1_23_viv is either unconnected or has no load
WARNING: [Synth 8-7129] Port s_axis_divisor_tuser[0] in module div_gen_v5_1_23_viv is either unconnected or has no load
WARNING: [Synth 8-7129] Port s_axis_divisor_tlast in module div_gen_v5_1_23_viv is either unconnected or has no load
WARNING: [Synth 8-7129] Port s_axis_divisor_tdata[7] in module div_gen_v5_1_23_viv is either unconnected or has no load
WARNING: [Synth 8-7129] Port s_axis_divisor_tdata[6] in module div_gen_v5_1_23_viv is either unconnected or has no load
WARNING: [Synth 8-7129] Port s_axis_divisor_tdata[5] in module div_gen_v5_1_23_viv is either unconnected or has no load
WARNING: [Synth 8-7129] Port s_axis_dividend_tuser[0] in module div_gen_v5_1_23_viv is either unconnected or has no load
WARNING: [Synth 8-7129] Port s_axis_dividend_tlast in module div_gen_v5_1_23_viv is either unconnected or has no load
WARNING: [Synth 8-7129] Port m_axis_dout_tready in module div_gen_v5_1_23_viv is either unconnected or has no load
---------------------------------------------------------------------------------
Finished RTL Elaboration : Time (s): cpu = 00:00:28 ; elapsed = 00:00:32 . Memory (MB): peak = 2045.945 ; gain = 377.969
---------------------------------------------------------------------------------
---------------------------------------------------------------------------------
Start Handling Custom Attributes
---------------------------------------------------------------------------------
---------------------------------------------------------------------------------
Finished Handling Custom Attributes : Time (s): cpu = 00:00:29 ; elapsed = 00:00:32 . Memory (MB): peak = 2045.945 ; gain = 377.969
---------------------------------------------------------------------------------
---------------------------------------------------------------------------------
Finished RTL Optimization Phase 1 : Time (s): cpu = 00:00:29 ; elapsed = 00:00:32 . Memory (MB): peak = 2045.945 ; gain = 377.969
---------------------------------------------------------------------------------
Netlist sorting complete. Time (s): cpu = 00:00:00 ; elapsed = 00:00:00.011 . Memory (MB): peak = 2045.945 ; gain = 0.000
INFO: [Project 1-570] Preparing netlist for logic optimization

Processing XDC Constraints
Initializing timing engine
Parsing XDC File [e:/CE_128TR/CE_128TR.gen/sources_1/ip/div_31/div_31_ooc.xdc] for cell 'U0'
create_clock: Time (s): cpu = 00:00:12 ; elapsed = 00:00:12 . Memory (MB): peak = 2170.352 ; gain = 0.016
Finished Parsing XDC File [e:/CE_128TR/CE_128TR.gen/sources_1/ip/div_31/div_31_ooc.xdc] for cell 'U0'
Parsing XDC File [E:/CE_128TR/CE_128TR.runs/div_31_synth_1/dont_touch.xdc]
Finished Parsing XDC File [E:/CE_128TR/CE_128TR.runs/div_31_synth_1/dont_touch.xdc]
Completed Processing XDC Constraints

Netlist sorting complete. Time (s): cpu = 00:00:00 ; elapsed = 00:00:00 . Memory (MB): peak = 2170.352 ; gain = 0.000
INFO: [Project 1-111] Unisim Transformation Summary:
No Unisim elements were transformed.

Constraint Validation Runtime : Time (s): cpu = 00:00:00 ; elapsed = 00:00:00.061 . Memory (MB): peak = 2170.352 ; gain = 0.000
INFO: [Designutils 20-5008] Incremental synthesis strategy off
---------------------------------------------------------------------------------
Finished Constraint Validation : Time (s): cpu = 00:00:58 ; elapsed = 00:01:04 . Memory (MB): peak = 2170.352 ; gain = 502.375
---------------------------------------------------------------------------------
---------------------------------------------------------------------------------
Start Loading Part and Timing Information
---------------------------------------------------------------------------------
Loading part: xczu19eg-ffvc1760-2-i
INFO: [Synth 8-6742] Reading net delay rules and data
---------------------------------------------------------------------------------
Finished Loading Part and Timing Information : Time (s): cpu = 00:00:58 ; elapsed = 00:01:04 . Memory (MB): peak = 2170.352 ; gain = 502.375
---------------------------------------------------------------------------------
---------------------------------------------------------------------------------
Start Applying 'set_property' XDC Constraints
---------------------------------------------------------------------------------
Applied set_property KEEP_HIERARCHY = SOFT for U0. (constraint file  E:/CE_128TR/CE_128TR.runs/div_31_synth_1/dont_touch.xdc, line 9).
---------------------------------------------------------------------------------
Finished applying 'set_property' XDC Constraints : Time (s): cpu = 00:00:58 ; elapsed = 00:01:04 . Memory (MB): peak = 2170.352 ; gain = 502.375
---------------------------------------------------------------------------------
---------------------------------------------------------------------------------
Finished RTL Optimization Phase 2 : Time (s): cpu = 00:00:59 ; elapsed = 00:01:05 . Memory (MB): peak = 2170.352 ; gain = 502.375
---------------------------------------------------------------------------------
---------------------------------------------------------------------------------
Start RTL Component Statistics 
---------------------------------------------------------------------------------
---------------------------------------------------------------------------------
Finished RTL Component Statistics 
---------------------------------------------------------------------------------
---------------------------------------------------------------------------------
Start Part Resource Summary
---------------------------------------------------------------------------------
Part Resources:
DSPs: 1968 (col length:264)
BRAMs: 1968 (col length: RAMB18 264 RAMB36 132)
---------------------------------------------------------------------------------
Finished Part Resource Summary
---------------------------------------------------------------------------------
---------------------------------------------------------------------------------
Start Cross Boundary and Area Optimization
---------------------------------------------------------------------------------
WARNING: [Synth 8-7080] Parallel synthesis criteria is not met
WARNING: [Synth 8-7129] Port aclken in module div_gen_v5_1_23_viv is either unconnected or has no load
WARNING: [Synth 8-7129] Port aresetn in module div_gen_v5_1_23_viv is either unconnected or has no load
WARNING: [Synth 8-7129] Port s_axis_divisor_tuser[0] in module div_gen_v5_1_23_viv is either unconnected or has no load
WARNING: [Synth 8-7129] Port s_axis_divisor_tlast in module div_gen_v5_1_23_viv is either unconnected or has no load
WARNING: [Synth 8-7129] Port s_axis_divisor_tdata[7] in module div_gen_v5_1_23_viv is either unconnected or has no load
WARNING: [Synth 8-7129] Port s_axis_divisor_tdata[6] in module div_gen_v5_1_23_viv is either unconnected or has no load
WARNING: [Synth 8-7129] Port s_axis_divisor_tdata[5] in module div_gen_v5_1_23_viv is either unconnected or has no load
WARNING: [Synth 8-7129] Port s_axis_dividend_tuser[0] in module div_gen_v5_1_23_viv is either unconnected or has no load
WARNING: [Synth 8-7129] Port s_axis_dividend_tlast in module div_gen_v5_1_23_viv is either unconnected or has no load
WARNING: [Synth 8-7129] Port m_axis_dout_tready in module div_gen_v5_1_23_viv is either unconnected or has no load
---------------------------------------------------------------------------------
Finished Cross Boundary and Area Optimization : Time (s): cpu = 00:01:03 ; elapsed = 00:01:09 . Memory (MB): peak = 2170.352 ; gain = 502.375
---------------------------------------------------------------------------------
 Sort Area is  i_nonzero_fract.i_synth/i_algo_r2_or_lutmult.i_nonzero_fract.i_sdivider/i_lutmult.lut_mult_inst/i_first_dsp48.has_p_reg.p_reg2_reg_0 : 0 0 : 2856 2856 : Used 1 time 100
---------------------------------------------------------------------------------
Start Applying XDC Timing Constraints
---------------------------------------------------------------------------------
---------------------------------------------------------------------------------
Finished Applying XDC Timing Constraints : Time (s): cpu = 00:01:24 ; elapsed = 00:01:32 . Memory (MB): peak = 2783.559 ; gain = 1115.582
---------------------------------------------------------------------------------
---------------------------------------------------------------------------------
Start Timing Optimization
---------------------------------------------------------------------------------
---------------------------------------------------------------------------------
Finished Timing Optimization : Time (s): cpu = 00:01:25 ; elapsed = 00:01:33 . Memory (MB): peak = 2783.559 ; gain = 1115.582
---------------------------------------------------------------------------------
---------------------------------------------------------------------------------
Start Technology Mapping
---------------------------------------------------------------------------------
---------------------------------------------------------------------------------
Finished Technology Mapping : Time (s): cpu = 00:01:25 ; elapsed = 00:01:33 . Memory (MB): peak = 2791.582 ; gain = 1123.605
---------------------------------------------------------------------------------
---------------------------------------------------------------------------------
Start IO Insertion
---------------------------------------------------------------------------------
---------------------------------------------------------------------------------
Start Flattening Before IO Insertion
---------------------------------------------------------------------------------
---------------------------------------------------------------------------------
Finished Flattening Before IO Insertion
---------------------------------------------------------------------------------
---------------------------------------------------------------------------------
Start Final Netlist Cleanup
---------------------------------------------------------------------------------
---------------------------------------------------------------------------------
Finished Final Netlist Cleanup
---------------------------------------------------------------------------------
---------------------------------------------------------------------------------
Finished IO Insertion : Time (s): cpu = 00:01:33 ; elapsed = 00:01:42 . Memory (MB): peak = 2998.703 ; gain = 1330.727
---------------------------------------------------------------------------------
---------------------------------------------------------------------------------
Start Renaming Generated Instances
---------------------------------------------------------------------------------
---------------------------------------------------------------------------------
Finished Renaming Generated Instances : Time (s): cpu = 00:01:33 ; elapsed = 00:01:42 . Memory (MB): peak = 2998.703 ; gain = 1330.727
---------------------------------------------------------------------------------
---------------------------------------------------------------------------------
Start Rebuilding User Hierarchy
---------------------------------------------------------------------------------
---------------------------------------------------------------------------------
Finished Rebuilding User Hierarchy : Time (s): cpu = 00:01:33 ; elapsed = 00:01:42 . Memory (MB): peak = 2998.703 ; gain = 1330.727
---------------------------------------------------------------------------------
---------------------------------------------------------------------------------
Start Renaming Generated Ports
---------------------------------------------------------------------------------
---------------------------------------------------------------------------------
Finished Renaming Generated Ports : Time (s): cpu = 00:01:33 ; elapsed = 00:01:42 . Memory (MB): peak = 2998.703 ; gain = 1330.727
---------------------------------------------------------------------------------
---------------------------------------------------------------------------------
Start Handling Custom Attributes
---------------------------------------------------------------------------------
---------------------------------------------------------------------------------
Finished Handling Custom Attributes : Time (s): cpu = 00:01:33 ; elapsed = 00:01:42 . Memory (MB): peak = 2998.703 ; gain = 1330.727
---------------------------------------------------------------------------------
---------------------------------------------------------------------------------
Start Renaming Generated Nets
---------------------------------------------------------------------------------
---------------------------------------------------------------------------------
Finished Renaming Generated Nets : Time (s): cpu = 00:01:33 ; elapsed = 00:01:42 . Memory (MB): peak = 2998.703 ; gain = 1330.727
---------------------------------------------------------------------------------
---------------------------------------------------------------------------------
Start Writing Synthesis Report
---------------------------------------------------------------------------------

DSP Final Report (the ' indicates corresponding REG is set)
+--------------------+--------------+--------+--------+--------+--------+--------+------+------+------+------+-------+------+------+
|Module Name         | DSP Mapping  | A Size | B Size | C Size | D Size | P Size | AREG | BREG | CREG | DREG | ADREG | MREG | PREG | 
+--------------------+--------------+--------+--------+--------+--------+--------+------+------+------+------+-------+------+------+
|div_gen_v5_1_23_viv | ((A'*B'')')' | 24     | 16     | -      | -      | 39     | 1    | 2    | -    | -    | -     | 1    | 1    | 
+--------------------+--------------+--------+--------+--------+--------+--------+------+------+------+------+-------+------+------+


Report BlackBoxes: 
+-+--------------+----------+
| |BlackBox name |Instances |
+-+--------------+----------+
+-+--------------+----------+

Report Cell Usage: 
+------+----------------+------+
|      |Cell            |Count |
+------+----------------+------+
|1     |DSP_ALU         |     1|
|2     |DSP_A_B_DATA    |     1|
|3     |DSP_C_DATA      |     1|
|4     |DSP_MULTIPLIER  |     1|
|5     |DSP_M_DATA      |     1|
|6     |DSP_OUTPUT      |     1|
|7     |DSP_PREADD      |     1|
|8     |DSP_PREADD_DATA |     1|
|9     |LUT2            |     3|
|10    |LUT3            |     2|
|11    |LUT4            |     8|
|12    |LUT5            |    21|
|13    |LUT6            |    11|
|14    |SRL16E          |    11|
|15    |FDRE            |   183|
+------+----------------+------+
---------------------------------------------------------------------------------
Finished Writing Synthesis Report : Time (s): cpu = 00:01:33 ; elapsed = 00:01:42 . Memory (MB): peak = 2998.703 ; gain = 1330.727
---------------------------------------------------------------------------------
Synthesis finished with 0 errors, 0 critical warnings and 11 warnings.
Synthesis Optimization Runtime : Time (s): cpu = 00:00:49 ; elapsed = 00:01:26 . Memory (MB): peak = 2998.703 ; gain = 1206.320
Synthesis Optimization Complete : Time (s): cpu = 00:01:34 ; elapsed = 00:01:44 . Memory (MB): peak = 2998.703 ; gain = 1330.727
INFO: [Project 1-571] Translating synthesized netlist
Netlist sorting complete. Time (s): cpu = 00:00:00 ; elapsed = 00:00:00.005 . Memory (MB): peak = 2998.703 ; gain = 0.000
INFO: [Netlist 29-17] Analyzing 1 Unisim elements for replacement
INFO: [Netlist 29-28] Unisim Transformation completed in 0 CPU seconds
INFO: [Project 1-570] Preparing netlist for logic optimization
INFO: [Opt 31-138] Pushed 0 inverter(s) to 0 load pin(s).
Netlist sorting complete. Time (s): cpu = 00:00:00 ; elapsed = 00:00:00 . Memory (MB): peak = 2998.703 ; gain = 0.000
INFO: [Project 1-111] Unisim Transformation Summary:
  A total of 1 instances were transformed.
  DSP48E2 => DSP48E2 (DSP_ALU, DSP_A_B_DATA, DSP_C_DATA, DSP_MULTIPLIER, DSP_M_DATA, DSP_OUTPUT, DSP_PREADD, DSP_PREADD_DATA): 1 instance 

Synth Design complete | Checksum: 3693e189
INFO: [Common 17-83] Releasing license: Synthesis
20 Infos, 47 Warnings, 0 Critical Warnings and 0 Errors encountered.
synth_design completed successfully
synth_design: Time (s): cpu = 00:01:55 ; elapsed = 00:02:10 . Memory (MB): peak = 2998.703 ; gain = 2560.316
Write ShapeDB Complete: Time (s): cpu = 00:00:00 ; elapsed = 00:00:00.010 . Memory (MB): peak = 2998.703 ; gain = 0.000
INFO: [Common 17-1381] The checkpoint 'E:/CE_128TR/CE_128TR.runs/div_31_synth_1/div_31.dcp' has been generated.
INFO: [Coretcl 2-1648] Added synthesis output to IP cache for IP div_31, cache-ID = e286ea7ecad16c19
INFO: [Coretcl 2-1174] Renamed 11 cell refs.
Write ShapeDB Complete: Time (s): cpu = 00:00:00 ; elapsed = 00:00:00.001 . Memory (MB): peak = 2998.703 ; gain = 0.000
INFO: [Common 17-1381] The checkpoint 'E:/CE_128TR/CE_128TR.runs/div_31_synth_1/div_31.dcp' has been generated.
INFO: [Vivado 12-24828] Executing command : report_utilization -file div_31_utilization_synth.rpt -pb div_31_utilization_synth.pb
INFO: [Common 17-206] Exiting Vivado at Tue Jun 23 23:26:37 2026...
